<?xml version="1.0" encoding="UTF-8"?>
<!-- Generated by org.testng.reporters.JUnitXMLReporter -->
<testsuite hostname="Varijas-MacBook-Pro.local" ignored="0" name="Amazon Home" tests="25" failures="0" timestamp="23 Mar 2019 22:32:40 GMT" time="446.049" errors="0">
  <testcase name="testAdFeedbackWindow" time="3.506" classname="testamazonpages.TestHomePageAmazon"/>
  <testcase name="testAddToCart" time="15.099" classname="testamazonpages.TestHomePageAmazon"/>
  <testcase name="testCheckboxesInGiftCards" time="16.831" classname="testamazonpages.TestHomePageAmazon"/>
  <testcase name="testClickLangSettings" time="10.713" classname="testamazonpages.TestHomePageAmazon"/>
  <testcase name="testExaternalLinks" time="82.4" classname="testamazonpages.TestHomePageAmazon"/>
  <testcase name="testGetDropdownOptions" time="1.329" classname="testamazonpages.TestHomePageAmazon"/>
  <testcase name="testGetPrimePageTabs" time="9.522" classname="testamazonpages.TestHomePageAmazon"/>
  <testcase name="testIFrameExample" time="2.499" classname="testamazonpages.TestHomePageAmazon"/>
  <testcase name="testImagePresent" time="0.55" classname="testamazonpages.TestHomePageAmazon"/>
  <testcase name="testInternalLinks" time="65.065" classname="testamazonpages.TestHomePageAmazon"/>
  <testcase name="testInvalidAccountSignIn" time="3.694" classname="testamazonpages.TestHomePageAmazon"/>
  <testcase name="testInvalidAccountSignIn" time="3.647" classname="testamazonpages.TestHomePageAmazon"/>
  <testcase name="testNavigation" time="2.322" classname="testamazonpages.TestHomePageAmazon"/>
  <testcase name="testPrimeLink" time="6.734" classname="testamazonpages.TestHomePageAmazon"/>
  <testcase name="testPrimePageTable" time="31.504" classname="testamazonpages.TestHomePageAmazon"/>
  <testcase name="testSearchButton" time="5.483" classname="testamazonpages.TestHomePageAmazon"/>
  <testcase name="testSearchForItems" time="4.721" classname="testamazonpages.TestHomePageAmazon"/>
  <testcase name="testSearchForItemsMongo" time="16.94" classname="testamazonpages.TestHomePageAmazon"/>
  <testcase name="testSearchItemsSql" time="16.134" classname="testamazonpages.TestHomePageAmazon"/>
  <testcase name="testSearchResults" time="2.09" classname="testamazonpages.TestHomePageAmazon"/>
  <testcase name="testSetDropdown" time="2.095" classname="testamazonpages.TestHomePageAmazon"/>
  <testcase name="testSignInLink" time="0.585" classname="testamazonpages.TestHomePageAmazon"/>
  <testcase name="testUpperRightLink" time="3.005" classname="testamazonpages.TestHomePageAmazon"/>
  <testcase name="testYourAccountLists" time="6.338" classname="testamazonpages.TestHomePageAmazon"/>
  <testcase name="testYourLists" time="4.645" classname="testamazonpages.TestHomePageAmazon"/>
</testsuite> <!-- Amazon Home -->
