<?xml version="1.0" encoding="UTF-8"?>
<!-- Generated by org.testng.reporters.JUnitXMLReporter -->
<testsuite hostname="Anikas-MBP" ignored="0" name="Amazon Home" tests="25" failures="1" timestamp="24 Mar 2019 07:28:11 GMT" time="518.018" errors="0">
  <testcase name="testAdFeedbackWindow" time="4.352" classname="testamazonpages.TestHomePageAmazon"/>
  <testcase name="testAddToCart" time="15.358" classname="testamazonpages.TestHomePageAmazon"/>
  <testcase name="testCheckboxesInGiftCards" time="24.25" classname="testamazonpages.TestHomePageAmazon"/>
  <testcase name="testClickLangSettings" time="15.648" classname="testamazonpages.TestHomePageAmazon"/>
  <testcase name="testExaternalLinks" time="125.474" classname="testamazonpages.TestHomePageAmazon"/>
  <testcase name="testGetDropdownOptions" time="1.188" classname="testamazonpages.TestHomePageAmazon"/>
  <testcase name="testGetPrimePageTabs" time="9.625" classname="testamazonpages.TestHomePageAmazon"/>
  <testcase name="testIFrameExample" time="2.375" classname="testamazonpages.TestHomePageAmazon"/>
  <testcase name="testImagePresent" time="0.123" classname="testamazonpages.TestHomePageAmazon"/>
  <testcase name="testInternalLinks" time="103.598" classname="testamazonpages.TestHomePageAmazon"/>
  <testcase name="testInvalidAccountSignIn" time="4.626" classname="testamazonpages.TestHomePageAmazon"/>
  <testcase name="testInvalidAccountSignIn" time="4.603" classname="testamazonpages.TestHomePageAmazon"/>
  <testcase name="testNavigation" time="3.876" classname="testamazonpages.TestHomePageAmazon"/>
  <testcase name="testPrimeLink" time="5.705" classname="testamazonpages.TestHomePageAmazon"/>
  <testcase name="testPrimePageTable" time="31.881" classname="testamazonpages.TestHomePageAmazon"/>
  <testcase name="testSearchButton" time="3.468" classname="testamazonpages.TestHomePageAmazon"/>
  <testcase name="testSearchForItems" time="4.687" classname="testamazonpages.TestHomePageAmazon"/>
  <testcase name="testSearchForItemsMongo" time="0.355" classname="testamazonpages.TestHomePageAmazon"/>
  <testcase name="testSearchItemsSql" time="0.354" classname="testamazonpages.TestHomePageAmazon">
    <failure type="java.lang.NullPointerException">
      <![CDATA[java.lang.NullPointerException
at testamazonpages.TestHomePageAmazon.testSearchItemsSql(TestHomePageAmazon.java:60)
... Removed 29 stack frames]]>
    </failure>
  </testcase> <!-- testSearchItemsSql -->
  <testcase name="testSearchResults" time="2.497" classname="testamazonpages.TestHomePageAmazon"/>
  <testcase name="testSetDropdown" time="2.82" classname="testamazonpages.TestHomePageAmazon"/>
  <testcase name="testSignInLink" time="0.927" classname="testamazonpages.TestHomePageAmazon"/>
  <testcase name="testUpperRightLink" time="1.712" classname="testamazonpages.TestHomePageAmazon"/>
  <testcase name="testYourAccountLists" time="5.219" classname="testamazonpages.TestHomePageAmazon"/>
  <testcase name="testYourLists" time="5.157" classname="testamazonpages.TestHomePageAmazon"/>
</testsuite> <!-- Amazon Home -->
