<?xml version="1.0" encoding="UTF-8"?>
<testng-results skipped="0" failed="1" ignored="0" total="25" passed="24">
  <reporter-output>
  </reporter-output>
  <suite name="Amazon Automation Script " duration-ms="435527" started-at="2019-03-23T22:49:40Z" finished-at="2019-03-23T22:56:56Z">
    <groups>
    </groups>
    <test name="Amazon Home" duration-ms="435527" started-at="2019-03-23T22:49:40Z" finished-at="2019-03-23T22:56:56Z">
      <class name="testamazonpages.TestHomePageAmazon">
        <test-method status="PASS" signature="setUp(boolean, java.lang.String, java.lang.String, java.lang.String, java.lang.String, java.lang.String, java.lang.String)[pri:0, instance:testamazonpages.TestHomePageAmazon@6537cf78]" name="setUp" is-config="true" duration-ms="4270" started-at="2019-03-23T22:49:40Z" finished-at="2019-03-23T22:49:44Z">
          <params>
            <param index="0">
              <value>
                <![CDATA[false]]>
              </value>
            </param>
            <param index="1">
              <value>
                <![CDATA[browserstack]]>
              </value>
            </param>
            <param index="2">
              <value>
                <![CDATA[OS X]]>
              </value>
            </param>
            <param index="3">
              <value>
                <![CDATA[Sierra]]>
              </value>
            </param>
            <param index="4">
              <value>
                <![CDATA[chrome-options]]>
              </value>
            </param>
            <param index="5">
              <value>
                <![CDATA[30.0]]>
              </value>
            </param>
            <param index="6">
              <value>
                <![CDATA[https://www.amazon.com/]]>
              </value>
            </param>
          </params>
          <reporter-output>
          </reporter-output>
        </test-method> <!-- setUp -->
        <test-method status="PASS" signature="initialize()[pri:0, instance:testamazonpages.TestHomePageAmazon@6537cf78]" name="initialize" is-config="true" duration-ms="40" started-at="2019-03-23T22:49:44Z" finished-at="2019-03-23T22:49:44Z">
          <reporter-output>
          </reporter-output>
        </test-method> <!-- initialize -->
        <test-method status="PASS" signature="testAdFeedbackWindow()[pri:0, instance:testamazonpages.TestHomePageAmazon@6537cf78]" name="testAdFeedbackWindow" duration-ms="4121" started-at="2019-03-23T22:49:44Z" description="form, radiobuttons, text area" finished-at="2019-03-23T22:49:49Z">
          <reporter-output>
          </reporter-output>
        </test-method> <!-- testAdFeedbackWindow -->
        <test-method status="PASS" signature="cleanUp()[pri:0, instance:testamazonpages.TestHomePageAmazon@6537cf78]" name="cleanUp" is-config="true" duration-ms="81" started-at="2019-03-23T22:49:49Z" finished-at="2019-03-23T22:49:49Z">
          <reporter-output>
          </reporter-output>
        </test-method> <!-- cleanUp -->
        <test-method status="PASS" signature="setUp(boolean, java.lang.String, java.lang.String, java.lang.String, java.lang.String, java.lang.String, java.lang.String)[pri:0, instance:testamazonpages.TestHomePageAmazon@6537cf78]" name="setUp" is-config="true" duration-ms="6209" started-at="2019-03-23T22:49:49Z" finished-at="2019-03-23T22:49:55Z">
          <params>
            <param index="0">
              <value>
                <![CDATA[false]]>
              </value>
            </param>
            <param index="1">
              <value>
                <![CDATA[browserstack]]>
              </value>
            </param>
            <param index="2">
              <value>
                <![CDATA[OS X]]>
              </value>
            </param>
            <param index="3">
              <value>
                <![CDATA[Sierra]]>
              </value>
            </param>
            <param index="4">
              <value>
                <![CDATA[chrome-options]]>
              </value>
            </param>
            <param index="5">
              <value>
                <![CDATA[30.0]]>
              </value>
            </param>
            <param index="6">
              <value>
                <![CDATA[https://www.amazon.com/]]>
              </value>
            </param>
          </params>
          <reporter-output>
          </reporter-output>
        </test-method> <!-- setUp -->
        <test-method status="PASS" signature="initialize()[pri:0, instance:testamazonpages.TestHomePageAmazon@6537cf78]" name="initialize" is-config="true" duration-ms="3" started-at="2019-03-23T22:49:55Z" finished-at="2019-03-23T22:49:55Z">
          <reporter-output>
          </reporter-output>
        </test-method> <!-- initialize -->
        <test-method status="PASS" signature="testAddToCart()[pri:0, instance:testamazonpages.TestHomePageAmazon@6537cf78]" name="testAddToCart" duration-ms="12789" started-at="2019-03-23T22:49:55Z" description="Add to cart" finished-at="2019-03-23T22:50:08Z">
          <reporter-output>
          </reporter-output>
        </test-method> <!-- testAddToCart -->
        <test-method status="PASS" signature="cleanUp()[pri:0, instance:testamazonpages.TestHomePageAmazon@6537cf78]" name="cleanUp" is-config="true" duration-ms="76" started-at="2019-03-23T22:50:08Z" finished-at="2019-03-23T22:50:08Z">
          <reporter-output>
          </reporter-output>
        </test-method> <!-- cleanUp -->
        <test-method status="PASS" signature="setUp(boolean, java.lang.String, java.lang.String, java.lang.String, java.lang.String, java.lang.String, java.lang.String)[pri:0, instance:testamazonpages.TestHomePageAmazon@6537cf78]" name="setUp" is-config="true" duration-ms="3605" started-at="2019-03-23T22:50:08Z" finished-at="2019-03-23T22:50:11Z">
          <params>
            <param index="0">
              <value>
                <![CDATA[false]]>
              </value>
            </param>
            <param index="1">
              <value>
                <![CDATA[browserstack]]>
              </value>
            </param>
            <param index="2">
              <value>
                <![CDATA[OS X]]>
              </value>
            </param>
            <param index="3">
              <value>
                <![CDATA[Sierra]]>
              </value>
            </param>
            <param index="4">
              <value>
                <![CDATA[chrome-options]]>
              </value>
            </param>
            <param index="5">
              <value>
                <![CDATA[30.0]]>
              </value>
            </param>
            <param index="6">
              <value>
                <![CDATA[https://www.amazon.com/]]>
              </value>
            </param>
          </params>
          <reporter-output>
          </reporter-output>
        </test-method> <!-- setUp -->
        <test-method status="PASS" signature="initialize()[pri:0, instance:testamazonpages.TestHomePageAmazon@6537cf78]" name="initialize" is-config="true" duration-ms="2" started-at="2019-03-23T22:50:11Z" finished-at="2019-03-23T22:50:11Z">
          <reporter-output>
          </reporter-output>
        </test-method> <!-- initialize -->
        <test-method status="PASS" signature="testCheckboxesInGiftCards()[pri:0, instance:testamazonpages.TestHomePageAmazon@6537cf78]" name="testCheckboxesInGiftCards" duration-ms="16723" started-at="2019-03-23T22:50:11Z" description="checkboxes" finished-at="2019-03-23T22:50:28Z">
          <reporter-output>
          </reporter-output>
        </test-method> <!-- testCheckboxesInGiftCards -->
        <test-method status="PASS" signature="cleanUp()[pri:0, instance:testamazonpages.TestHomePageAmazon@6537cf78]" name="cleanUp" is-config="true" duration-ms="77" started-at="2019-03-23T22:50:28Z" finished-at="2019-03-23T22:50:28Z">
          <reporter-output>
          </reporter-output>
        </test-method> <!-- cleanUp -->
        <test-method status="PASS" signature="setUp(boolean, java.lang.String, java.lang.String, java.lang.String, java.lang.String, java.lang.String, java.lang.String)[pri:0, instance:testamazonpages.TestHomePageAmazon@6537cf78]" name="setUp" is-config="true" duration-ms="3513" started-at="2019-03-23T22:50:28Z" finished-at="2019-03-23T22:50:32Z">
          <params>
            <param index="0">
              <value>
                <![CDATA[false]]>
              </value>
            </param>
            <param index="1">
              <value>
                <![CDATA[browserstack]]>
              </value>
            </param>
            <param index="2">
              <value>
                <![CDATA[OS X]]>
              </value>
            </param>
            <param index="3">
              <value>
                <![CDATA[Sierra]]>
              </value>
            </param>
            <param index="4">
              <value>
                <![CDATA[chrome-options]]>
              </value>
            </param>
            <param index="5">
              <value>
                <![CDATA[30.0]]>
              </value>
            </param>
            <param index="6">
              <value>
                <![CDATA[https://www.amazon.com/]]>
              </value>
            </param>
          </params>
          <reporter-output>
          </reporter-output>
        </test-method> <!-- setUp -->
        <test-method status="PASS" signature="initialize()[pri:0, instance:testamazonpages.TestHomePageAmazon@6537cf78]" name="initialize" is-config="true" duration-ms="1" started-at="2019-03-23T22:50:32Z" finished-at="2019-03-23T22:50:32Z">
          <reporter-output>
          </reporter-output>
        </test-method> <!-- initialize -->
        <test-method status="PASS" signature="testClickLangSettings()[pri:0, instance:testamazonpages.TestHomePageAmazon@6537cf78]" name="testClickLangSettings" duration-ms="10707" started-at="2019-03-23T22:50:32Z" description="?" finished-at="2019-03-23T22:50:42Z">
          <reporter-output>
          </reporter-output>
        </test-method> <!-- testClickLangSettings -->
        <test-method status="PASS" signature="cleanUp()[pri:0, instance:testamazonpages.TestHomePageAmazon@6537cf78]" name="cleanUp" is-config="true" duration-ms="75" started-at="2019-03-23T22:50:42Z" finished-at="2019-03-23T22:50:42Z">
          <reporter-output>
          </reporter-output>
        </test-method> <!-- cleanUp -->
        <test-method status="PASS" signature="setUp(boolean, java.lang.String, java.lang.String, java.lang.String, java.lang.String, java.lang.String, java.lang.String)[pri:0, instance:testamazonpages.TestHomePageAmazon@6537cf78]" name="setUp" is-config="true" duration-ms="4206" started-at="2019-03-23T22:50:42Z" finished-at="2019-03-23T22:50:47Z">
          <params>
            <param index="0">
              <value>
                <![CDATA[false]]>
              </value>
            </param>
            <param index="1">
              <value>
                <![CDATA[browserstack]]>
              </value>
            </param>
            <param index="2">
              <value>
                <![CDATA[OS X]]>
              </value>
            </param>
            <param index="3">
              <value>
                <![CDATA[Sierra]]>
              </value>
            </param>
            <param index="4">
              <value>
                <![CDATA[chrome-options]]>
              </value>
            </param>
            <param index="5">
              <value>
                <![CDATA[30.0]]>
              </value>
            </param>
            <param index="6">
              <value>
                <![CDATA[https://www.amazon.com/]]>
              </value>
            </param>
          </params>
          <reporter-output>
          </reporter-output>
        </test-method> <!-- setUp -->
        <test-method status="PASS" signature="initialize()[pri:0, instance:testamazonpages.TestHomePageAmazon@6537cf78]" name="initialize" is-config="true" duration-ms="2" started-at="2019-03-23T22:50:47Z" finished-at="2019-03-23T22:50:47Z">
          <reporter-output>
          </reporter-output>
        </test-method> <!-- initialize -->
        <test-method status="PASS" signature="testExaternalLinks()[pri:0, instance:testamazonpages.TestHomePageAmazon@6537cf78]" name="testExaternalLinks" duration-ms="82262" started-at="2019-03-23T22:50:47Z" description="External Links" finished-at="2019-03-23T22:52:09Z">
          <reporter-output>
          </reporter-output>
        </test-method> <!-- testExaternalLinks -->
        <test-method status="PASS" signature="cleanUp()[pri:0, instance:testamazonpages.TestHomePageAmazon@6537cf78]" name="cleanUp" is-config="true" duration-ms="78" started-at="2019-03-23T22:52:09Z" finished-at="2019-03-23T22:52:09Z">
          <reporter-output>
          </reporter-output>
        </test-method> <!-- cleanUp -->
        <test-method status="PASS" signature="setUp(boolean, java.lang.String, java.lang.String, java.lang.String, java.lang.String, java.lang.String, java.lang.String)[pri:0, instance:testamazonpages.TestHomePageAmazon@6537cf78]" name="setUp" is-config="true" duration-ms="4265" started-at="2019-03-23T22:52:09Z" finished-at="2019-03-23T22:52:13Z">
          <params>
            <param index="0">
              <value>
                <![CDATA[false]]>
              </value>
            </param>
            <param index="1">
              <value>
                <![CDATA[browserstack]]>
              </value>
            </param>
            <param index="2">
              <value>
                <![CDATA[OS X]]>
              </value>
            </param>
            <param index="3">
              <value>
                <![CDATA[Sierra]]>
              </value>
            </param>
            <param index="4">
              <value>
                <![CDATA[chrome-options]]>
              </value>
            </param>
            <param index="5">
              <value>
                <![CDATA[30.0]]>
              </value>
            </param>
            <param index="6">
              <value>
                <![CDATA[https://www.amazon.com/]]>
              </value>
            </param>
          </params>
          <reporter-output>
          </reporter-output>
        </test-method> <!-- setUp -->
        <test-method status="PASS" signature="initialize()[pri:0, instance:testamazonpages.TestHomePageAmazon@6537cf78]" name="initialize" is-config="true" duration-ms="2" started-at="2019-03-23T22:52:13Z" finished-at="2019-03-23T22:52:13Z">
          <reporter-output>
          </reporter-output>
        </test-method> <!-- initialize -->
        <test-method status="PASS" signature="testGetDropdownOptions()[pri:0, instance:testamazonpages.TestHomePageAmazon@6537cf78]" name="testGetDropdownOptions" duration-ms="605" started-at="2019-03-23T22:52:13Z" description="dropdown options" finished-at="2019-03-23T22:52:14Z">
          <reporter-output>
          </reporter-output>
        </test-method> <!-- testGetDropdownOptions -->
        <test-method status="PASS" signature="cleanUp()[pri:0, instance:testamazonpages.TestHomePageAmazon@6537cf78]" name="cleanUp" is-config="true" duration-ms="79" started-at="2019-03-23T22:52:14Z" finished-at="2019-03-23T22:52:14Z">
          <reporter-output>
          </reporter-output>
        </test-method> <!-- cleanUp -->
        <test-method status="PASS" signature="setUp(boolean, java.lang.String, java.lang.String, java.lang.String, java.lang.String, java.lang.String, java.lang.String)[pri:0, instance:testamazonpages.TestHomePageAmazon@6537cf78]" name="setUp" is-config="true" duration-ms="5591" started-at="2019-03-23T22:52:14Z" finished-at="2019-03-23T22:52:20Z">
          <params>
            <param index="0">
              <value>
                <![CDATA[false]]>
              </value>
            </param>
            <param index="1">
              <value>
                <![CDATA[browserstack]]>
              </value>
            </param>
            <param index="2">
              <value>
                <![CDATA[OS X]]>
              </value>
            </param>
            <param index="3">
              <value>
                <![CDATA[Sierra]]>
              </value>
            </param>
            <param index="4">
              <value>
                <![CDATA[chrome-options]]>
              </value>
            </param>
            <param index="5">
              <value>
                <![CDATA[30.0]]>
              </value>
            </param>
            <param index="6">
              <value>
                <![CDATA[https://www.amazon.com/]]>
              </value>
            </param>
          </params>
          <reporter-output>
          </reporter-output>
        </test-method> <!-- setUp -->
        <test-method status="PASS" signature="initialize()[pri:0, instance:testamazonpages.TestHomePageAmazon@6537cf78]" name="initialize" is-config="true" duration-ms="1" started-at="2019-03-23T22:52:20Z" finished-at="2019-03-23T22:52:20Z">
          <reporter-output>
          </reporter-output>
        </test-method> <!-- initialize -->
        <test-method status="PASS" signature="testGetPrimePageTabs()[pri:0, instance:testamazonpages.TestHomePageAmazon@6537cf78]" name="testGetPrimePageTabs" duration-ms="12358" started-at="2019-03-23T22:52:20Z" description="tabs" finished-at="2019-03-23T22:52:32Z">
          <reporter-output>
          </reporter-output>
        </test-method> <!-- testGetPrimePageTabs -->
        <test-method status="PASS" signature="cleanUp()[pri:0, instance:testamazonpages.TestHomePageAmazon@6537cf78]" name="cleanUp" is-config="true" duration-ms="76" started-at="2019-03-23T22:52:32Z" finished-at="2019-03-23T22:52:32Z">
          <reporter-output>
          </reporter-output>
        </test-method> <!-- cleanUp -->
        <test-method status="PASS" signature="setUp(boolean, java.lang.String, java.lang.String, java.lang.String, java.lang.String, java.lang.String, java.lang.String)[pri:0, instance:testamazonpages.TestHomePageAmazon@6537cf78]" name="setUp" is-config="true" duration-ms="3724" started-at="2019-03-23T22:52:32Z" finished-at="2019-03-23T22:52:36Z">
          <params>
            <param index="0">
              <value>
                <![CDATA[false]]>
              </value>
            </param>
            <param index="1">
              <value>
                <![CDATA[browserstack]]>
              </value>
            </param>
            <param index="2">
              <value>
                <![CDATA[OS X]]>
              </value>
            </param>
            <param index="3">
              <value>
                <![CDATA[Sierra]]>
              </value>
            </param>
            <param index="4">
              <value>
                <![CDATA[chrome-options]]>
              </value>
            </param>
            <param index="5">
              <value>
                <![CDATA[30.0]]>
              </value>
            </param>
            <param index="6">
              <value>
                <![CDATA[https://www.amazon.com/]]>
              </value>
            </param>
          </params>
          <reporter-output>
          </reporter-output>
        </test-method> <!-- setUp -->
        <test-method status="PASS" signature="initialize()[pri:0, instance:testamazonpages.TestHomePageAmazon@6537cf78]" name="initialize" is-config="true" duration-ms="1" started-at="2019-03-23T22:52:36Z" finished-at="2019-03-23T22:52:36Z">
          <reporter-output>
          </reporter-output>
        </test-method> <!-- initialize -->
        <test-method status="FAIL" signature="testIFrameExample()[pri:0, instance:testamazonpages.TestHomePageAmazon@6537cf78]" name="testIFrameExample" duration-ms="20501" started-at="2019-03-23T22:52:36Z" description="iframe" finished-at="2019-03-23T22:52:56Z">
          <exception class="org.openqa.selenium.TimeoutException">
            <message>
              <![CDATA[Expected condition failed: waiting for element to be clickable: Proxy element for: DefaultElementLocator 'By.xpath: //img[@id='staticImage']' (tried for 1 second(s) with 500 milliseconds interval)]]>
            </message>
            <full-stacktrace>
              <![CDATA[org.openqa.selenium.TimeoutException: Expected condition failed: waiting for element to be clickable: Proxy element for: DefaultElementLocator 'By.xpath: //img[@id='staticImage']' (tried for 1 second(s) with 500 milliseconds interval)
at org.openqa.selenium.support.ui.WebDriverWait.timeoutException(WebDriverWait.java:95)
at org.openqa.selenium.support.ui.FluentWait.until(FluentWait.java:272)
at amazonpages.HomePageAmazon.iFrameExample(HomePageAmazon.java:581)
at testamazonpages.TestHomePageAmazon.testIFrameExample(TestHomePageAmazon.java:180)
at sun.reflect.NativeMethodAccessorImpl.invoke0(Native Method)
at sun.reflect.NativeMethodAccessorImpl.invoke(NativeMethodAccessorImpl.java:62)
at sun.reflect.DelegatingMethodAccessorImpl.invoke(DelegatingMethodAccessorImpl.java:43)
at java.lang.reflect.Method.invoke(Method.java:498)
at org.testng.internal.MethodInvocationHelper.invokeMethod(MethodInvocationHelper.java:124)
at org.testng.internal.Invoker.invokeMethod(Invoker.java:583)
at org.testng.internal.Invoker.invokeTestMethod(Invoker.java:719)
at org.testng.internal.Invoker.invokeTestMethods(Invoker.java:989)
at org.testng.internal.TestMethodWorker.invokeTestMethods(TestMethodWorker.java:125)
at org.testng.internal.TestMethodWorker.run(TestMethodWorker.java:109)
at org.testng.TestRunner.privateRun(TestRunner.java:648)
at org.testng.TestRunner.run(TestRunner.java:505)
at org.testng.SuiteRunner.runTest(SuiteRunner.java:455)
at org.testng.SuiteRunner.runSequentially(SuiteRunner.java:450)
at org.testng.SuiteRunner.privateRun(SuiteRunner.java:415)
at org.testng.SuiteRunner.run(SuiteRunner.java:364)
at org.testng.SuiteRunnerWorker.runSuite(SuiteRunnerWorker.java:52)
at org.testng.SuiteRunnerWorker.run(SuiteRunnerWorker.java:84)
at org.testng.TestNG.runSuitesSequentially(TestNG.java:1208)
at org.testng.TestNG.runSuitesLocally(TestNG.java:1137)
at org.testng.TestNG.runSuites(TestNG.java:1049)
at org.testng.TestNG.run(TestNG.java:1017)
at org.apache.maven.surefire.testng.TestNGExecutor.run(TestNGExecutor.java:283)
at org.apache.maven.surefire.testng.TestNGXmlTestSuite.execute(TestNGXmlTestSuite.java:75)
at org.apache.maven.surefire.testng.TestNGProvider.invoke(TestNGProvider.java:120)
at org.apache.maven.surefire.booter.ForkedBooter.invokeProviderInSameClassLoader(ForkedBooter.java:384)
at org.apache.maven.surefire.booter.ForkedBooter.runSuitesInProcess(ForkedBooter.java:345)
at org.apache.maven.surefire.booter.ForkedBooter.execute(ForkedBooter.java:126)
at org.apache.maven.surefire.booter.ForkedBooter.main(ForkedBooter.java:418)
Caused by: org.openqa.selenium.NoSuchElementException: no such element: Unable to locate element: {"method":"xpath","selector":"//img[@id='staticImage']"}
  (Session info: chrome=73.0.3683.86)
  (Driver info: chromedriver=2.46.628411 (3324f4c8be9ff2f70a05a30ebc72ffb013e1a71e),platform=Mac OS X 10.14.3 x86_64) (WARNING: The server did not provide any stacktrace information)
Command duration or timeout: 0 milliseconds
For documentation on this error, please visit: https://www.seleniumhq.org/exceptions/no_such_element.html
Build info: version: '3.141.59', revision: 'e82be7d358', time: '2018-11-14T08:17:03'
System info: host: 'Varijas-MacBook-Pro.local', ip: 'fe80:0:0:0:4d4:5cbf:b365:82c8%en0', os.name: 'Mac OS X', os.arch: 'x86_64', os.version: '10.14.3', java.version: '1.8.0_201'
Driver info: org.openqa.selenium.chrome.ChromeDriver
Capabilities {acceptInsecureCerts: false, acceptSslCerts: false, applicationCacheEnabled: false, browserConnectionEnabled: false, browserName: chrome, chrome: {chromedriverVersion: 2.46.628411 (3324f4c8be9ff2..., userDataDir: /var/folders/5m/8t7g_9lj783...}, cssSelectorsEnabled: true, databaseEnabled: false, goog:chromeOptions: {debuggerAddress: localhost:52950}, handlesAlerts: true, hasTouchScreen: false, javascriptEnabled: true, locationContextEnabled: true, mobileEmulationEnabled: false, nativeEvents: true, networkConnectionEnabled: false, pageLoadStrategy: normal, platform: MAC, platformName: MAC, proxy: Proxy(), rotatable: false, setWindowRect: true, strictFileInteractability: false, takesHeapSnapshot: true, takesScreenshot: true, timeouts: {implicit: 0, pageLoad: 300000, script: 30000}, unexpectedAlertBehaviour: ignore, unhandledPromptBehavior: ignore, version: 73.0.3683.86, webStorageEnabled: true}
Session ID: 6e9308bded9ec2fc221cd8071193451e
*** Element info: {Using=xpath, value=//img[@id='staticImage']}
at sun.reflect.NativeConstructorAccessorImpl.newInstance0(Native Method)
at sun.reflect.NativeConstructorAccessorImpl.newInstance(NativeConstructorAccessorImpl.java:62)
at sun.reflect.DelegatingConstructorAccessorImpl.newInstance(DelegatingConstructorAccessorImpl.java:45)
at java.lang.reflect.Constructor.newInstance(Constructor.java:423)
at org.openqa.selenium.remote.ErrorHandler.createThrowable(ErrorHandler.java:214)
at org.openqa.selenium.remote.ErrorHandler.throwIfResponseFailed(ErrorHandler.java:166)
at org.openqa.selenium.remote.http.JsonHttpResponseCodec.reconstructValue(JsonHttpResponseCodec.java:40)
at org.openqa.selenium.remote.http.AbstractHttpResponseCodec.decode(AbstractHttpResponseCodec.java:80)
at org.openqa.selenium.remote.http.AbstractHttpResponseCodec.decode(AbstractHttpResponseCodec.java:44)
at org.openqa.selenium.remote.HttpCommandExecutor.execute(HttpCommandExecutor.java:158)
at org.openqa.selenium.remote.service.DriverCommandExecutor.execute(DriverCommandExecutor.java:83)
at org.openqa.selenium.remote.RemoteWebDriver.execute(RemoteWebDriver.java:552)
at org.openqa.selenium.remote.RemoteWebDriver.findElement(RemoteWebDriver.java:323)
at org.openqa.selenium.remote.RemoteWebDriver.findElementByXPath(RemoteWebDriver.java:428)
at org.openqa.selenium.By$ByXPath.findElement(By.java:353)
at org.openqa.selenium.remote.RemoteWebDriver.findElement(RemoteWebDriver.java:315)
at org.openqa.selenium.support.pagefactory.DefaultElementLocator.findElement(DefaultElementLocator.java:69)
at org.openqa.selenium.support.pagefactory.internal.LocatingElementHandler.invoke(LocatingElementHandler.java:38)
at com.sun.proxy.$Proxy10.isDisplayed(Unknown Source)
at org.openqa.selenium.support.ui.ExpectedConditions.elementIfVisible(ExpectedConditions.java:314)
at org.openqa.selenium.support.ui.ExpectedConditions.access$000(ExpectedConditions.java:43)
at org.openqa.selenium.support.ui.ExpectedConditions$10.apply(ExpectedConditions.java:300)
at org.openqa.selenium.support.ui.ExpectedConditions$10.apply(ExpectedConditions.java:297)
at org.openqa.selenium.support.ui.ExpectedConditions$23.apply(ExpectedConditions.java:670)
at org.openqa.selenium.support.ui.ExpectedConditions$23.apply(ExpectedConditions.java:666)
at org.openqa.selenium.support.ui.FluentWait.until(FluentWait.java:249)
... 31 more
]]>
            </full-stacktrace>
          </exception> <!-- org.openqa.selenium.TimeoutException -->
          <reporter-output>
          </reporter-output>
        </test-method> <!-- testIFrameExample -->
        <test-method status="PASS" signature="cleanUp()[pri:0, instance:testamazonpages.TestHomePageAmazon@6537cf78]" name="cleanUp" is-config="true" duration-ms="77" started-at="2019-03-23T22:52:56Z" finished-at="2019-03-23T22:52:56Z">
          <reporter-output>
          </reporter-output>
        </test-method> <!-- cleanUp -->
        <test-method status="PASS" signature="setUp(boolean, java.lang.String, java.lang.String, java.lang.String, java.lang.String, java.lang.String, java.lang.String)[pri:0, instance:testamazonpages.TestHomePageAmazon@6537cf78]" name="setUp" is-config="true" duration-ms="4452" started-at="2019-03-23T22:52:56Z" finished-at="2019-03-23T22:53:01Z">
          <params>
            <param index="0">
              <value>
                <![CDATA[false]]>
              </value>
            </param>
            <param index="1">
              <value>
                <![CDATA[browserstack]]>
              </value>
            </param>
            <param index="2">
              <value>
                <![CDATA[OS X]]>
              </value>
            </param>
            <param index="3">
              <value>
                <![CDATA[Sierra]]>
              </value>
            </param>
            <param index="4">
              <value>
                <![CDATA[chrome-options]]>
              </value>
            </param>
            <param index="5">
              <value>
                <![CDATA[30.0]]>
              </value>
            </param>
            <param index="6">
              <value>
                <![CDATA[https://www.amazon.com/]]>
              </value>
            </param>
          </params>
          <reporter-output>
          </reporter-output>
        </test-method> <!-- setUp -->
        <test-method status="PASS" signature="initialize()[pri:0, instance:testamazonpages.TestHomePageAmazon@6537cf78]" name="initialize" is-config="true" duration-ms="1" started-at="2019-03-23T22:53:01Z" finished-at="2019-03-23T22:53:01Z">
          <reporter-output>
          </reporter-output>
        </test-method> <!-- initialize -->
        <test-method status="PASS" signature="testImagePresent()[pri:0, instance:testamazonpages.TestHomePageAmazon@6537cf78]" name="testImagePresent" duration-ms="130" started-at="2019-03-23T22:53:01Z" description="Image present test" finished-at="2019-03-23T22:53:01Z">
          <reporter-output>
          </reporter-output>
        </test-method> <!-- testImagePresent -->
        <test-method status="PASS" signature="cleanUp()[pri:0, instance:testamazonpages.TestHomePageAmazon@6537cf78]" name="cleanUp" is-config="true" duration-ms="79" started-at="2019-03-23T22:53:01Z" finished-at="2019-03-23T22:53:01Z">
          <reporter-output>
          </reporter-output>
        </test-method> <!-- cleanUp -->
        <test-method status="PASS" signature="setUp(boolean, java.lang.String, java.lang.String, java.lang.String, java.lang.String, java.lang.String, java.lang.String)[pri:0, instance:testamazonpages.TestHomePageAmazon@6537cf78]" name="setUp" is-config="true" duration-ms="3596" started-at="2019-03-23T22:53:01Z" finished-at="2019-03-23T22:53:05Z">
          <params>
            <param index="0">
              <value>
                <![CDATA[false]]>
              </value>
            </param>
            <param index="1">
              <value>
                <![CDATA[browserstack]]>
              </value>
            </param>
            <param index="2">
              <value>
                <![CDATA[OS X]]>
              </value>
            </param>
            <param index="3">
              <value>
                <![CDATA[Sierra]]>
              </value>
            </param>
            <param index="4">
              <value>
                <![CDATA[chrome-options]]>
              </value>
            </param>
            <param index="5">
              <value>
                <![CDATA[30.0]]>
              </value>
            </param>
            <param index="6">
              <value>
                <![CDATA[https://www.amazon.com/]]>
              </value>
            </param>
          </params>
          <reporter-output>
          </reporter-output>
        </test-method> <!-- setUp -->
        <test-method status="PASS" signature="initialize()[pri:0, instance:testamazonpages.TestHomePageAmazon@6537cf78]" name="initialize" is-config="true" duration-ms="1" started-at="2019-03-23T22:53:05Z" finished-at="2019-03-23T22:53:05Z">
          <reporter-output>
          </reporter-output>
        </test-method> <!-- initialize -->
        <test-method status="PASS" signature="testInternalLinks()[pri:0, instance:testamazonpages.TestHomePageAmazon@6537cf78]" name="testInternalLinks" duration-ms="67151" started-at="2019-03-23T22:53:05Z" description="Internal Links" finished-at="2019-03-23T22:54:12Z">
          <reporter-output>
          </reporter-output>
        </test-method> <!-- testInternalLinks -->
        <test-method status="PASS" signature="cleanUp()[pri:0, instance:testamazonpages.TestHomePageAmazon@6537cf78]" name="cleanUp" is-config="true" duration-ms="138" started-at="2019-03-23T22:54:12Z" finished-at="2019-03-23T22:54:12Z">
          <reporter-output>
          </reporter-output>
        </test-method> <!-- cleanUp -->
        <test-method status="PASS" signature="setUp(boolean, java.lang.String, java.lang.String, java.lang.String, java.lang.String, java.lang.String, java.lang.String)[pri:0, instance:testamazonpages.TestHomePageAmazon@6537cf78]" name="setUp" is-config="true" duration-ms="3632" started-at="2019-03-23T22:54:12Z" finished-at="2019-03-23T22:54:16Z">
          <params>
            <param index="0">
              <value>
                <![CDATA[false]]>
              </value>
            </param>
            <param index="1">
              <value>
                <![CDATA[browserstack]]>
              </value>
            </param>
            <param index="2">
              <value>
                <![CDATA[OS X]]>
              </value>
            </param>
            <param index="3">
              <value>
                <![CDATA[Sierra]]>
              </value>
            </param>
            <param index="4">
              <value>
                <![CDATA[chrome-options]]>
              </value>
            </param>
            <param index="5">
              <value>
                <![CDATA[30.0]]>
              </value>
            </param>
            <param index="6">
              <value>
                <![CDATA[https://www.amazon.com/]]>
              </value>
            </param>
          </params>
          <reporter-output>
          </reporter-output>
        </test-method> <!-- setUp -->
        <test-method status="PASS" signature="initialize()[pri:0, instance:testamazonpages.TestHomePageAmazon@6537cf78]" name="initialize" is-config="true" duration-ms="1" started-at="2019-03-23T22:54:16Z" finished-at="2019-03-23T22:54:16Z">
          <reporter-output>
          </reporter-output>
        </test-method> <!-- initialize -->
        <test-method status="PASS" signature="testInvalidAccountSignIn(java.lang.String, java.lang.String)[pri:0, instance:testamazonpages.TestHomePageAmazon@6537cf78]" name="testInvalidAccountSignIn" duration-ms="4321" started-at="2019-03-23T22:54:16Z" data-provider="signInExcelData" finished-at="2019-03-23T22:54:20Z">
          <params>
            <param index="0">
              <value>
                <![CDATA[testuser1@test.com]]>
              </value>
            </param>
            <param index="1">
              <value>
                <![CDATA[testpassword1]]>
              </value>
            </param>
          </params>
          <reporter-output>
          </reporter-output>
        </test-method> <!-- testInvalidAccountSignIn -->
        <test-method status="PASS" signature="cleanUp()[pri:0, instance:testamazonpages.TestHomePageAmazon@6537cf78]" name="cleanUp" is-config="true" duration-ms="73" started-at="2019-03-23T22:54:20Z" finished-at="2019-03-23T22:54:20Z">
          <reporter-output>
          </reporter-output>
        </test-method> <!-- cleanUp -->
        <test-method status="PASS" signature="setUp(boolean, java.lang.String, java.lang.String, java.lang.String, java.lang.String, java.lang.String, java.lang.String)[pri:0, instance:testamazonpages.TestHomePageAmazon@6537cf78]" name="setUp" is-config="true" duration-ms="3441" started-at="2019-03-23T22:54:20Z" finished-at="2019-03-23T22:54:23Z">
          <params>
            <param index="0">
              <value>
                <![CDATA[false]]>
              </value>
            </param>
            <param index="1">
              <value>
                <![CDATA[browserstack]]>
              </value>
            </param>
            <param index="2">
              <value>
                <![CDATA[OS X]]>
              </value>
            </param>
            <param index="3">
              <value>
                <![CDATA[Sierra]]>
              </value>
            </param>
            <param index="4">
              <value>
                <![CDATA[chrome-options]]>
              </value>
            </param>
            <param index="5">
              <value>
                <![CDATA[30.0]]>
              </value>
            </param>
            <param index="6">
              <value>
                <![CDATA[https://www.amazon.com/]]>
              </value>
            </param>
          </params>
          <reporter-output>
          </reporter-output>
        </test-method> <!-- setUp -->
        <test-method status="PASS" signature="initialize()[pri:0, instance:testamazonpages.TestHomePageAmazon@6537cf78]" name="initialize" is-config="true" duration-ms="1" started-at="2019-03-23T22:54:23Z" finished-at="2019-03-23T22:54:23Z">
          <reporter-output>
          </reporter-output>
        </test-method> <!-- initialize -->
        <test-method status="PASS" signature="testInvalidAccountSignIn(java.lang.String, java.lang.String)[pri:0, instance:testamazonpages.TestHomePageAmazon@6537cf78]" name="testInvalidAccountSignIn" duration-ms="3800" started-at="2019-03-23T22:54:23Z" data-provider="signInExcelData" finished-at="2019-03-23T22:54:27Z">
          <params>
            <param index="0">
              <value>
                <![CDATA[testuser2@test.com]]>
              </value>
            </param>
            <param index="1">
              <value>
                <![CDATA[testpassword2]]>
              </value>
            </param>
          </params>
          <reporter-output>
          </reporter-output>
        </test-method> <!-- testInvalidAccountSignIn -->
        <test-method status="PASS" signature="cleanUp()[pri:0, instance:testamazonpages.TestHomePageAmazon@6537cf78]" name="cleanUp" is-config="true" duration-ms="74" started-at="2019-03-23T22:54:27Z" finished-at="2019-03-23T22:54:27Z">
          <reporter-output>
          </reporter-output>
        </test-method> <!-- cleanUp -->
        <test-method status="PASS" signature="setUp(boolean, java.lang.String, java.lang.String, java.lang.String, java.lang.String, java.lang.String, java.lang.String)[pri:0, instance:testamazonpages.TestHomePageAmazon@6537cf78]" name="setUp" is-config="true" duration-ms="3322" started-at="2019-03-23T22:54:27Z" finished-at="2019-03-23T22:54:31Z">
          <params>
            <param index="0">
              <value>
                <![CDATA[false]]>
              </value>
            </param>
            <param index="1">
              <value>
                <![CDATA[browserstack]]>
              </value>
            </param>
            <param index="2">
              <value>
                <![CDATA[OS X]]>
              </value>
            </param>
            <param index="3">
              <value>
                <![CDATA[Sierra]]>
              </value>
            </param>
            <param index="4">
              <value>
                <![CDATA[chrome-options]]>
              </value>
            </param>
            <param index="5">
              <value>
                <![CDATA[30.0]]>
              </value>
            </param>
            <param index="6">
              <value>
                <![CDATA[https://www.amazon.com/]]>
              </value>
            </param>
          </params>
          <reporter-output>
          </reporter-output>
        </test-method> <!-- setUp -->
        <test-method status="PASS" signature="initialize()[pri:0, instance:testamazonpages.TestHomePageAmazon@6537cf78]" name="initialize" is-config="true" duration-ms="2" started-at="2019-03-23T22:54:31Z" finished-at="2019-03-23T22:54:31Z">
          <reporter-output>
          </reporter-output>
        </test-method> <!-- initialize -->
        <test-method status="PASS" signature="testNavigation()[pri:0, instance:testamazonpages.TestHomePageAmazon@6537cf78]" name="testNavigation" duration-ms="2400" started-at="2019-03-23T22:54:31Z" description="navigation" finished-at="2019-03-23T22:54:33Z">
          <reporter-output>
          </reporter-output>
        </test-method> <!-- testNavigation -->
        <test-method status="PASS" signature="cleanUp()[pri:0, instance:testamazonpages.TestHomePageAmazon@6537cf78]" name="cleanUp" is-config="true" duration-ms="77" started-at="2019-03-23T22:54:33Z" finished-at="2019-03-23T22:54:33Z">
          <reporter-output>
          </reporter-output>
        </test-method> <!-- cleanUp -->
        <test-method status="PASS" signature="setUp(boolean, java.lang.String, java.lang.String, java.lang.String, java.lang.String, java.lang.String, java.lang.String)[pri:0, instance:testamazonpages.TestHomePageAmazon@6537cf78]" name="setUp" is-config="true" duration-ms="3606" started-at="2019-03-23T22:54:33Z" finished-at="2019-03-23T22:54:37Z">
          <params>
            <param index="0">
              <value>
                <![CDATA[false]]>
              </value>
            </param>
            <param index="1">
              <value>
                <![CDATA[browserstack]]>
              </value>
            </param>
            <param index="2">
              <value>
                <![CDATA[OS X]]>
              </value>
            </param>
            <param index="3">
              <value>
                <![CDATA[Sierra]]>
              </value>
            </param>
            <param index="4">
              <value>
                <![CDATA[chrome-options]]>
              </value>
            </param>
            <param index="5">
              <value>
                <![CDATA[30.0]]>
              </value>
            </param>
            <param index="6">
              <value>
                <![CDATA[https://www.amazon.com/]]>
              </value>
            </param>
          </params>
          <reporter-output>
          </reporter-output>
        </test-method> <!-- setUp -->
        <test-method status="PASS" signature="initialize()[pri:0, instance:testamazonpages.TestHomePageAmazon@6537cf78]" name="initialize" is-config="true" duration-ms="1" started-at="2019-03-23T22:54:37Z" finished-at="2019-03-23T22:54:37Z">
          <reporter-output>
          </reporter-output>
        </test-method> <!-- initialize -->
        <test-method status="PASS" signature="testPrimeLink()[pri:0, instance:testamazonpages.TestHomePageAmazon@6537cf78]" name="testPrimeLink" duration-ms="4462" started-at="2019-03-23T22:54:37Z" description="try prime" finished-at="2019-03-23T22:54:41Z">
          <reporter-output>
          </reporter-output>
        </test-method> <!-- testPrimeLink -->
        <test-method status="PASS" signature="cleanUp()[pri:0, instance:testamazonpages.TestHomePageAmazon@6537cf78]" name="cleanUp" is-config="true" duration-ms="75" started-at="2019-03-23T22:54:41Z" finished-at="2019-03-23T22:54:41Z">
          <reporter-output>
          </reporter-output>
        </test-method> <!-- cleanUp -->
        <test-method status="PASS" signature="setUp(boolean, java.lang.String, java.lang.String, java.lang.String, java.lang.String, java.lang.String, java.lang.String)[pri:0, instance:testamazonpages.TestHomePageAmazon@6537cf78]" name="setUp" is-config="true" duration-ms="3678" started-at="2019-03-23T22:54:41Z" finished-at="2019-03-23T22:54:45Z">
          <params>
            <param index="0">
              <value>
                <![CDATA[false]]>
              </value>
            </param>
            <param index="1">
              <value>
                <![CDATA[browserstack]]>
              </value>
            </param>
            <param index="2">
              <value>
                <![CDATA[OS X]]>
              </value>
            </param>
            <param index="3">
              <value>
                <![CDATA[Sierra]]>
              </value>
            </param>
            <param index="4">
              <value>
                <![CDATA[chrome-options]]>
              </value>
            </param>
            <param index="5">
              <value>
                <![CDATA[30.0]]>
              </value>
            </param>
            <param index="6">
              <value>
                <![CDATA[https://www.amazon.com/]]>
              </value>
            </param>
          </params>
          <reporter-output>
          </reporter-output>
        </test-method> <!-- setUp -->
        <test-method status="PASS" signature="initialize()[pri:0, instance:testamazonpages.TestHomePageAmazon@6537cf78]" name="initialize" is-config="true" duration-ms="2" started-at="2019-03-23T22:54:45Z" finished-at="2019-03-23T22:54:45Z">
          <reporter-output>
          </reporter-output>
        </test-method> <!-- initialize -->
        <test-method status="PASS" signature="testPrimePageTable()[pri:0, instance:testamazonpages.TestHomePageAmazon@6537cf78]" name="testPrimePageTable" duration-ms="31986" started-at="2019-03-23T22:54:45Z" description="web table" finished-at="2019-03-23T22:55:17Z">
          <reporter-output>
          </reporter-output>
        </test-method> <!-- testPrimePageTable -->
        <test-method status="PASS" signature="cleanUp()[pri:0, instance:testamazonpages.TestHomePageAmazon@6537cf78]" name="cleanUp" is-config="true" duration-ms="76" started-at="2019-03-23T22:55:17Z" finished-at="2019-03-23T22:55:17Z">
          <reporter-output>
          </reporter-output>
        </test-method> <!-- cleanUp -->
        <test-method status="PASS" signature="setUp(boolean, java.lang.String, java.lang.String, java.lang.String, java.lang.String, java.lang.String, java.lang.String)[pri:0, instance:testamazonpages.TestHomePageAmazon@6537cf78]" name="setUp" is-config="true" duration-ms="6485" started-at="2019-03-23T22:55:17Z" finished-at="2019-03-23T22:55:23Z">
          <params>
            <param index="0">
              <value>
                <![CDATA[false]]>
              </value>
            </param>
            <param index="1">
              <value>
                <![CDATA[browserstack]]>
              </value>
            </param>
            <param index="2">
              <value>
                <![CDATA[OS X]]>
              </value>
            </param>
            <param index="3">
              <value>
                <![CDATA[Sierra]]>
              </value>
            </param>
            <param index="4">
              <value>
                <![CDATA[chrome-options]]>
              </value>
            </param>
            <param index="5">
              <value>
                <![CDATA[30.0]]>
              </value>
            </param>
            <param index="6">
              <value>
                <![CDATA[https://www.amazon.com/]]>
              </value>
            </param>
          </params>
          <reporter-output>
          </reporter-output>
        </test-method> <!-- setUp -->
        <test-method status="PASS" signature="initialize()[pri:0, instance:testamazonpages.TestHomePageAmazon@6537cf78]" name="initialize" is-config="true" duration-ms="2" started-at="2019-03-23T22:55:23Z" finished-at="2019-03-23T22:55:23Z">
          <reporter-output>
          </reporter-output>
        </test-method> <!-- initialize -->
        <test-method status="PASS" signature="testSearchButton()[pri:0, instance:testamazonpages.TestHomePageAmazon@6537cf78]" name="testSearchButton" duration-ms="3106" started-at="2019-03-23T22:55:23Z" description="search button" finished-at="2019-03-23T22:55:27Z">
          <reporter-output>
          </reporter-output>
        </test-method> <!-- testSearchButton -->
        <test-method status="PASS" signature="cleanUp()[pri:0, instance:testamazonpages.TestHomePageAmazon@6537cf78]" name="cleanUp" is-config="true" duration-ms="76" started-at="2019-03-23T22:55:27Z" finished-at="2019-03-23T22:55:27Z">
          <reporter-output>
          </reporter-output>
        </test-method> <!-- cleanUp -->
        <test-method status="PASS" signature="setUp(boolean, java.lang.String, java.lang.String, java.lang.String, java.lang.String, java.lang.String, java.lang.String)[pri:0, instance:testamazonpages.TestHomePageAmazon@6537cf78]" name="setUp" is-config="true" duration-ms="3579" started-at="2019-03-23T22:55:27Z" finished-at="2019-03-23T22:55:30Z">
          <params>
            <param index="0">
              <value>
                <![CDATA[false]]>
              </value>
            </param>
            <param index="1">
              <value>
                <![CDATA[browserstack]]>
              </value>
            </param>
            <param index="2">
              <value>
                <![CDATA[OS X]]>
              </value>
            </param>
            <param index="3">
              <value>
                <![CDATA[Sierra]]>
              </value>
            </param>
            <param index="4">
              <value>
                <![CDATA[chrome-options]]>
              </value>
            </param>
            <param index="5">
              <value>
                <![CDATA[30.0]]>
              </value>
            </param>
            <param index="6">
              <value>
                <![CDATA[https://www.amazon.com/]]>
              </value>
            </param>
          </params>
          <reporter-output>
          </reporter-output>
        </test-method> <!-- setUp -->
        <test-method status="PASS" signature="initialize()[pri:0, instance:testamazonpages.TestHomePageAmazon@6537cf78]" name="initialize" is-config="true" duration-ms="1" started-at="2019-03-23T22:55:30Z" finished-at="2019-03-23T22:55:30Z">
          <reporter-output>
          </reporter-output>
        </test-method> <!-- initialize -->
        <test-method status="PASS" signature="testSearchForItems()[pri:0, instance:testamazonpages.TestHomePageAmazon@6537cf78]" name="testSearchForItems" duration-ms="4671" started-at="2019-03-23T22:55:30Z" description="search bar" finished-at="2019-03-23T22:55:35Z">
          <reporter-output>
          </reporter-output>
        </test-method> <!-- testSearchForItems -->
        <test-method status="PASS" signature="cleanUp()[pri:0, instance:testamazonpages.TestHomePageAmazon@6537cf78]" name="cleanUp" is-config="true" duration-ms="74" started-at="2019-03-23T22:55:35Z" finished-at="2019-03-23T22:55:35Z">
          <reporter-output>
          </reporter-output>
        </test-method> <!-- cleanUp -->
        <test-method status="PASS" signature="setUp(boolean, java.lang.String, java.lang.String, java.lang.String, java.lang.String, java.lang.String, java.lang.String)[pri:0, instance:testamazonpages.TestHomePageAmazon@6537cf78]" name="setUp" is-config="true" duration-ms="3505" started-at="2019-03-23T22:55:35Z" finished-at="2019-03-23T22:55:39Z">
          <params>
            <param index="0">
              <value>
                <![CDATA[false]]>
              </value>
            </param>
            <param index="1">
              <value>
                <![CDATA[browserstack]]>
              </value>
            </param>
            <param index="2">
              <value>
                <![CDATA[OS X]]>
              </value>
            </param>
            <param index="3">
              <value>
                <![CDATA[Sierra]]>
              </value>
            </param>
            <param index="4">
              <value>
                <![CDATA[chrome-options]]>
              </value>
            </param>
            <param index="5">
              <value>
                <![CDATA[30.0]]>
              </value>
            </param>
            <param index="6">
              <value>
                <![CDATA[https://www.amazon.com/]]>
              </value>
            </param>
          </params>
          <reporter-output>
          </reporter-output>
        </test-method> <!-- setUp -->
        <test-method status="PASS" signature="initialize()[pri:0, instance:testamazonpages.TestHomePageAmazon@6537cf78]" name="initialize" is-config="true" duration-ms="0" started-at="2019-03-23T22:55:39Z" finished-at="2019-03-23T22:55:39Z">
          <reporter-output>
          </reporter-output>
        </test-method> <!-- initialize -->
        <test-method status="PASS" signature="testSearchForItemsMongo()[pri:0, instance:testamazonpages.TestHomePageAmazon@6537cf78]" name="testSearchForItemsMongo" duration-ms="16620" started-at="2019-03-23T22:55:39Z" description="mongo database" finished-at="2019-03-23T22:55:55Z">
          <reporter-output>
          </reporter-output>
        </test-method> <!-- testSearchForItemsMongo -->
        <test-method status="PASS" signature="cleanUp()[pri:0, instance:testamazonpages.TestHomePageAmazon@6537cf78]" name="cleanUp" is-config="true" duration-ms="80" started-at="2019-03-23T22:55:55Z" finished-at="2019-03-23T22:55:55Z">
          <reporter-output>
          </reporter-output>
        </test-method> <!-- cleanUp -->
        <test-method status="PASS" signature="setUp(boolean, java.lang.String, java.lang.String, java.lang.String, java.lang.String, java.lang.String, java.lang.String)[pri:0, instance:testamazonpages.TestHomePageAmazon@6537cf78]" name="setUp" is-config="true" duration-ms="3538" started-at="2019-03-23T22:55:55Z" finished-at="2019-03-23T22:55:59Z">
          <params>
            <param index="0">
              <value>
                <![CDATA[false]]>
              </value>
            </param>
            <param index="1">
              <value>
                <![CDATA[browserstack]]>
              </value>
            </param>
            <param index="2">
              <value>
                <![CDATA[OS X]]>
              </value>
            </param>
            <param index="3">
              <value>
                <![CDATA[Sierra]]>
              </value>
            </param>
            <param index="4">
              <value>
                <![CDATA[chrome-options]]>
              </value>
            </param>
            <param index="5">
              <value>
                <![CDATA[30.0]]>
              </value>
            </param>
            <param index="6">
              <value>
                <![CDATA[https://www.amazon.com/]]>
              </value>
            </param>
          </params>
          <reporter-output>
          </reporter-output>
        </test-method> <!-- setUp -->
        <test-method status="PASS" signature="initialize()[pri:0, instance:testamazonpages.TestHomePageAmazon@6537cf78]" name="initialize" is-config="true" duration-ms="1" started-at="2019-03-23T22:55:59Z" finished-at="2019-03-23T22:55:59Z">
          <reporter-output>
          </reporter-output>
        </test-method> <!-- initialize -->
        <test-method status="PASS" signature="testSearchItemsSql()[pri:0, instance:testamazonpages.TestHomePageAmazon@6537cf78]" name="testSearchItemsSql" duration-ms="16351" started-at="2019-03-23T22:55:59Z" description="mysql test" finished-at="2019-03-23T22:56:15Z">
          <reporter-output>
          </reporter-output>
        </test-method> <!-- testSearchItemsSql -->
        <test-method status="PASS" signature="cleanUp()[pri:0, instance:testamazonpages.TestHomePageAmazon@6537cf78]" name="cleanUp" is-config="true" duration-ms="77" started-at="2019-03-23T22:56:15Z" finished-at="2019-03-23T22:56:15Z">
          <reporter-output>
          </reporter-output>
        </test-method> <!-- cleanUp -->
        <test-method status="PASS" signature="setUp(boolean, java.lang.String, java.lang.String, java.lang.String, java.lang.String, java.lang.String, java.lang.String)[pri:0, instance:testamazonpages.TestHomePageAmazon@6537cf78]" name="setUp" is-config="true" duration-ms="3888" started-at="2019-03-23T22:56:15Z" finished-at="2019-03-23T22:56:19Z">
          <params>
            <param index="0">
              <value>
                <![CDATA[false]]>
              </value>
            </param>
            <param index="1">
              <value>
                <![CDATA[browserstack]]>
              </value>
            </param>
            <param index="2">
              <value>
                <![CDATA[OS X]]>
              </value>
            </param>
            <param index="3">
              <value>
                <![CDATA[Sierra]]>
              </value>
            </param>
            <param index="4">
              <value>
                <![CDATA[chrome-options]]>
              </value>
            </param>
            <param index="5">
              <value>
                <![CDATA[30.0]]>
              </value>
            </param>
            <param index="6">
              <value>
                <![CDATA[https://www.amazon.com/]]>
              </value>
            </param>
          </params>
          <reporter-output>
          </reporter-output>
        </test-method> <!-- setUp -->
        <test-method status="PASS" signature="initialize()[pri:0, instance:testamazonpages.TestHomePageAmazon@6537cf78]" name="initialize" is-config="true" duration-ms="1" started-at="2019-03-23T22:56:19Z" finished-at="2019-03-23T22:56:19Z">
          <reporter-output>
          </reporter-output>
        </test-method> <!-- initialize -->
        <test-method status="PASS" signature="testSearchResults()[pri:0, instance:testamazonpages.TestHomePageAmazon@6537cf78]" name="testSearchResults" duration-ms="2207" started-at="2019-03-23T22:56:19Z" description="search results" finished-at="2019-03-23T22:56:21Z">
          <reporter-output>
          </reporter-output>
        </test-method> <!-- testSearchResults -->
        <test-method status="PASS" signature="cleanUp()[pri:0, instance:testamazonpages.TestHomePageAmazon@6537cf78]" name="cleanUp" is-config="true" duration-ms="74" started-at="2019-03-23T22:56:21Z" finished-at="2019-03-23T22:56:21Z">
          <reporter-output>
          </reporter-output>
        </test-method> <!-- cleanUp -->
        <test-method status="PASS" signature="setUp(boolean, java.lang.String, java.lang.String, java.lang.String, java.lang.String, java.lang.String, java.lang.String)[pri:0, instance:testamazonpages.TestHomePageAmazon@6537cf78]" name="setUp" is-config="true" duration-ms="3432" started-at="2019-03-23T22:56:21Z" finished-at="2019-03-23T22:56:25Z">
          <params>
            <param index="0">
              <value>
                <![CDATA[false]]>
              </value>
            </param>
            <param index="1">
              <value>
                <![CDATA[browserstack]]>
              </value>
            </param>
            <param index="2">
              <value>
                <![CDATA[OS X]]>
              </value>
            </param>
            <param index="3">
              <value>
                <![CDATA[Sierra]]>
              </value>
            </param>
            <param index="4">
              <value>
                <![CDATA[chrome-options]]>
              </value>
            </param>
            <param index="5">
              <value>
                <![CDATA[30.0]]>
              </value>
            </param>
            <param index="6">
              <value>
                <![CDATA[https://www.amazon.com/]]>
              </value>
            </param>
          </params>
          <reporter-output>
          </reporter-output>
        </test-method> <!-- setUp -->
        <test-method status="PASS" signature="initialize()[pri:0, instance:testamazonpages.TestHomePageAmazon@6537cf78]" name="initialize" is-config="true" duration-ms="1" started-at="2019-03-23T22:56:25Z" finished-at="2019-03-23T22:56:25Z">
          <reporter-output>
          </reporter-output>
        </test-method> <!-- initialize -->
        <test-method status="PASS" signature="testSetDropdown()[pri:0, instance:testamazonpages.TestHomePageAmazon@6537cf78]" name="testSetDropdown" duration-ms="2262" started-at="2019-03-23T22:56:25Z" description="dropdown test1" finished-at="2019-03-23T22:56:27Z">
          <reporter-output>
          </reporter-output>
        </test-method> <!-- testSetDropdown -->
        <test-method status="PASS" signature="cleanUp()[pri:0, instance:testamazonpages.TestHomePageAmazon@6537cf78]" name="cleanUp" is-config="true" duration-ms="74" started-at="2019-03-23T22:56:27Z" finished-at="2019-03-23T22:56:27Z">
          <reporter-output>
          </reporter-output>
        </test-method> <!-- cleanUp -->
        <test-method status="PASS" signature="setUp(boolean, java.lang.String, java.lang.String, java.lang.String, java.lang.String, java.lang.String, java.lang.String)[pri:0, instance:testamazonpages.TestHomePageAmazon@6537cf78]" name="setUp" is-config="true" duration-ms="3530" started-at="2019-03-23T22:56:27Z" finished-at="2019-03-23T22:56:31Z">
          <params>
            <param index="0">
              <value>
                <![CDATA[false]]>
              </value>
            </param>
            <param index="1">
              <value>
                <![CDATA[browserstack]]>
              </value>
            </param>
            <param index="2">
              <value>
                <![CDATA[OS X]]>
              </value>
            </param>
            <param index="3">
              <value>
                <![CDATA[Sierra]]>
              </value>
            </param>
            <param index="4">
              <value>
                <![CDATA[chrome-options]]>
              </value>
            </param>
            <param index="5">
              <value>
                <![CDATA[30.0]]>
              </value>
            </param>
            <param index="6">
              <value>
                <![CDATA[https://www.amazon.com/]]>
              </value>
            </param>
          </params>
          <reporter-output>
          </reporter-output>
        </test-method> <!-- setUp -->
        <test-method status="PASS" signature="initialize()[pri:0, instance:testamazonpages.TestHomePageAmazon@6537cf78]" name="initialize" is-config="true" duration-ms="1" started-at="2019-03-23T22:56:31Z" finished-at="2019-03-23T22:56:31Z">
          <reporter-output>
          </reporter-output>
        </test-method> <!-- initialize -->
        <test-method status="PASS" signature="testSignInLink()[pri:0, instance:testamazonpages.TestHomePageAmazon@6537cf78]" name="testSignInLink" duration-ms="548" started-at="2019-03-23T22:56:31Z" description="sign in" finished-at="2019-03-23T22:56:31Z">
          <reporter-output>
          </reporter-output>
        </test-method> <!-- testSignInLink -->
        <test-method status="PASS" signature="cleanUp()[pri:0, instance:testamazonpages.TestHomePageAmazon@6537cf78]" name="cleanUp" is-config="true" duration-ms="73" started-at="2019-03-23T22:56:31Z" finished-at="2019-03-23T22:56:31Z">
          <reporter-output>
          </reporter-output>
        </test-method> <!-- cleanUp -->
        <test-method status="PASS" signature="setUp(boolean, java.lang.String, java.lang.String, java.lang.String, java.lang.String, java.lang.String, java.lang.String)[pri:0, instance:testamazonpages.TestHomePageAmazon@6537cf78]" name="setUp" is-config="true" duration-ms="3620" started-at="2019-03-23T22:56:31Z" finished-at="2019-03-23T22:56:35Z">
          <params>
            <param index="0">
              <value>
                <![CDATA[false]]>
              </value>
            </param>
            <param index="1">
              <value>
                <![CDATA[browserstack]]>
              </value>
            </param>
            <param index="2">
              <value>
                <![CDATA[OS X]]>
              </value>
            </param>
            <param index="3">
              <value>
                <![CDATA[Sierra]]>
              </value>
            </param>
            <param index="4">
              <value>
                <![CDATA[chrome-options]]>
              </value>
            </param>
            <param index="5">
              <value>
                <![CDATA[30.0]]>
              </value>
            </param>
            <param index="6">
              <value>
                <![CDATA[https://www.amazon.com/]]>
              </value>
            </param>
          </params>
          <reporter-output>
          </reporter-output>
        </test-method> <!-- setUp -->
        <test-method status="PASS" signature="initialize()[pri:0, instance:testamazonpages.TestHomePageAmazon@6537cf78]" name="initialize" is-config="true" duration-ms="1" started-at="2019-03-23T22:56:35Z" finished-at="2019-03-23T22:56:35Z">
          <reporter-output>
          </reporter-output>
        </test-method> <!-- initialize -->
        <test-method status="PASS" signature="testUpperRightLink()[pri:0, instance:testamazonpages.TestHomePageAmazon@6537cf78]" name="testUpperRightLink" duration-ms="3400" started-at="2019-03-23T22:56:35Z" description="top right link" finished-at="2019-03-23T22:56:38Z">
          <reporter-output>
          </reporter-output>
        </test-method> <!-- testUpperRightLink -->
        <test-method status="PASS" signature="cleanUp()[pri:0, instance:testamazonpages.TestHomePageAmazon@6537cf78]" name="cleanUp" is-config="true" duration-ms="75" started-at="2019-03-23T22:56:38Z" finished-at="2019-03-23T22:56:38Z">
          <reporter-output>
          </reporter-output>
        </test-method> <!-- cleanUp -->
        <test-method status="PASS" signature="setUp(boolean, java.lang.String, java.lang.String, java.lang.String, java.lang.String, java.lang.String, java.lang.String)[pri:0, instance:testamazonpages.TestHomePageAmazon@6537cf78]" name="setUp" is-config="true" duration-ms="3700" started-at="2019-03-23T22:56:38Z" finished-at="2019-03-23T22:56:42Z">
          <params>
            <param index="0">
              <value>
                <![CDATA[false]]>
              </value>
            </param>
            <param index="1">
              <value>
                <![CDATA[browserstack]]>
              </value>
            </param>
            <param index="2">
              <value>
                <![CDATA[OS X]]>
              </value>
            </param>
            <param index="3">
              <value>
                <![CDATA[Sierra]]>
              </value>
            </param>
            <param index="4">
              <value>
                <![CDATA[chrome-options]]>
              </value>
            </param>
            <param index="5">
              <value>
                <![CDATA[30.0]]>
              </value>
            </param>
            <param index="6">
              <value>
                <![CDATA[https://www.amazon.com/]]>
              </value>
            </param>
          </params>
          <reporter-output>
          </reporter-output>
        </test-method> <!-- setUp -->
        <test-method status="PASS" signature="initialize()[pri:0, instance:testamazonpages.TestHomePageAmazon@6537cf78]" name="initialize" is-config="true" duration-ms="1" started-at="2019-03-23T22:56:42Z" finished-at="2019-03-23T22:56:42Z">
          <reporter-output>
          </reporter-output>
        </test-method> <!-- initialize -->
        <test-method status="PASS" signature="testYourAccountLists()[pri:0, instance:testamazonpages.TestHomePageAmazon@6537cf78]" name="testYourAccountLists" duration-ms="3820" started-at="2019-03-23T22:56:42Z" description="your account" finished-at="2019-03-23T22:56:46Z">
          <reporter-output>
          </reporter-output>
        </test-method> <!-- testYourAccountLists -->
        <test-method status="PASS" signature="cleanUp()[pri:0, instance:testamazonpages.TestHomePageAmazon@6537cf78]" name="cleanUp" is-config="true" duration-ms="77" started-at="2019-03-23T22:56:46Z" finished-at="2019-03-23T22:56:46Z">
          <reporter-output>
          </reporter-output>
        </test-method> <!-- cleanUp -->
        <test-method status="PASS" signature="setUp(boolean, java.lang.String, java.lang.String, java.lang.String, java.lang.String, java.lang.String, java.lang.String)[pri:0, instance:testamazonpages.TestHomePageAmazon@6537cf78]" name="setUp" is-config="true" duration-ms="3599" started-at="2019-03-23T22:56:46Z" finished-at="2019-03-23T22:56:50Z">
          <params>
            <param index="0">
              <value>
                <![CDATA[false]]>
              </value>
            </param>
            <param index="1">
              <value>
                <![CDATA[browserstack]]>
              </value>
            </param>
            <param index="2">
              <value>
                <![CDATA[OS X]]>
              </value>
            </param>
            <param index="3">
              <value>
                <![CDATA[Sierra]]>
              </value>
            </param>
            <param index="4">
              <value>
                <![CDATA[chrome-options]]>
              </value>
            </param>
            <param index="5">
              <value>
                <![CDATA[30.0]]>
              </value>
            </param>
            <param index="6">
              <value>
                <![CDATA[https://www.amazon.com/]]>
              </value>
            </param>
          </params>
          <reporter-output>
          </reporter-output>
        </test-method> <!-- setUp -->
        <test-method status="PASS" signature="initialize()[pri:0, instance:testamazonpages.TestHomePageAmazon@6537cf78]" name="initialize" is-config="true" duration-ms="1" started-at="2019-03-23T22:56:50Z" finished-at="2019-03-23T22:56:50Z">
          <reporter-output>
          </reporter-output>
        </test-method> <!-- initialize -->
        <test-method status="PASS" signature="testYourLists()[pri:0, instance:testamazonpages.TestHomePageAmazon@6537cf78]" name="testYourLists" duration-ms="6018" started-at="2019-03-23T22:56:50Z" description="mouse hover your list link" finished-at="2019-03-23T22:56:56Z">
          <reporter-output>
          </reporter-output>
        </test-method> <!-- testYourLists -->
        <test-method status="PASS" signature="cleanUp()[pri:0, instance:testamazonpages.TestHomePageAmazon@6537cf78]" name="cleanUp" is-config="true" duration-ms="73" started-at="2019-03-23T22:56:56Z" finished-at="2019-03-23T22:56:56Z">
          <reporter-output>
          </reporter-output>
        </test-method> <!-- cleanUp -->
      </class> <!-- testamazonpages.TestHomePageAmazon -->
    </test> <!-- Amazon Home -->
  </suite> <!-- Amazon Automation Script  -->
</testng-results>
