<?xml version="1.0" encoding="UTF-8"?>
<testng-results skipped="0" failed="1" ignored="0" total="25" passed="24">
  <reporter-output>
  </reporter-output>
  <suite name="Amazon Automation Script " duration-ms="518018" started-at="2019-03-24T07:19:33Z" finished-at="2019-03-24T07:28:11Z">
    <groups>
    </groups>
    <test name="Amazon Home" duration-ms="518018" started-at="2019-03-24T07:19:33Z" finished-at="2019-03-24T07:28:11Z">
      <class name="testamazonpages.TestHomePageAmazon">
        <test-method status="PASS" signature="setUp(boolean, java.lang.String, java.lang.String, java.lang.String, java.lang.String, java.lang.String, java.lang.String)[pri:0, instance:testamazonpages.TestHomePageAmazon@15975490]" name="setUp" is-config="true" duration-ms="9148" started-at="2019-03-24T07:19:33Z" finished-at="2019-03-24T07:19:42Z">
          <params>
            <param index="0">
              <value>
                <![CDATA[false]]>
              </value>
            </param>
            <param index="1">
              <value>
                <![CDATA[browserstack]]>
              </value>
            </param>
            <param index="2">
              <value>
                <![CDATA[OS X]]>
              </value>
            </param>
            <param index="3">
              <value>
                <![CDATA[Sierra]]>
              </value>
            </param>
            <param index="4">
              <value>
                <![CDATA[chrome-options]]>
              </value>
            </param>
            <param index="5">
              <value>
                <![CDATA[30.0]]>
              </value>
            </param>
            <param index="6">
              <value>
                <![CDATA[https://www.amazon.com/]]>
              </value>
            </param>
          </params>
          <reporter-output>
          </reporter-output>
        </test-method> <!-- setUp -->
        <test-method status="PASS" signature="initialize()[pri:0, instance:testamazonpages.TestHomePageAmazon@15975490]" name="initialize" is-config="true" duration-ms="126" started-at="2019-03-24T07:19:42Z" finished-at="2019-03-24T07:19:42Z">
          <reporter-output>
          </reporter-output>
        </test-method> <!-- initialize -->
        <test-method status="PASS" signature="testAdFeedbackWindow()[pri:0, instance:testamazonpages.TestHomePageAmazon@15975490]" name="testAdFeedbackWindow" duration-ms="4352" started-at="2019-03-24T07:19:42Z" description="form, radiobuttons, text area" finished-at="2019-03-24T07:19:47Z">
          <reporter-output>
          </reporter-output>
        </test-method> <!-- testAdFeedbackWindow -->
        <test-method status="PASS" signature="cleanUp()[pri:0, instance:testamazonpages.TestHomePageAmazon@15975490]" name="cleanUp" is-config="true" duration-ms="257" started-at="2019-03-24T07:19:47Z" finished-at="2019-03-24T07:19:47Z">
          <reporter-output>
          </reporter-output>
        </test-method> <!-- cleanUp -->
        <test-method status="PASS" signature="setUp(boolean, java.lang.String, java.lang.String, java.lang.String, java.lang.String, java.lang.String, java.lang.String)[pri:0, instance:testamazonpages.TestHomePageAmazon@15975490]" name="setUp" is-config="true" duration-ms="5036" started-at="2019-03-24T07:19:47Z" finished-at="2019-03-24T07:19:52Z">
          <params>
            <param index="0">
              <value>
                <![CDATA[false]]>
              </value>
            </param>
            <param index="1">
              <value>
                <![CDATA[browserstack]]>
              </value>
            </param>
            <param index="2">
              <value>
                <![CDATA[OS X]]>
              </value>
            </param>
            <param index="3">
              <value>
                <![CDATA[Sierra]]>
              </value>
            </param>
            <param index="4">
              <value>
                <![CDATA[chrome-options]]>
              </value>
            </param>
            <param index="5">
              <value>
                <![CDATA[30.0]]>
              </value>
            </param>
            <param index="6">
              <value>
                <![CDATA[https://www.amazon.com/]]>
              </value>
            </param>
          </params>
          <reporter-output>
          </reporter-output>
        </test-method> <!-- setUp -->
        <test-method status="PASS" signature="initialize()[pri:0, instance:testamazonpages.TestHomePageAmazon@15975490]" name="initialize" is-config="true" duration-ms="10" started-at="2019-03-24T07:19:52Z" finished-at="2019-03-24T07:19:52Z">
          <reporter-output>
          </reporter-output>
        </test-method> <!-- initialize -->
        <test-method status="PASS" signature="testAddToCart()[pri:0, instance:testamazonpages.TestHomePageAmazon@15975490]" name="testAddToCart" duration-ms="15358" started-at="2019-03-24T07:19:52Z" description="Add to cart" finished-at="2019-03-24T07:20:07Z">
          <reporter-output>
          </reporter-output>
        </test-method> <!-- testAddToCart -->
        <test-method status="PASS" signature="cleanUp()[pri:0, instance:testamazonpages.TestHomePageAmazon@15975490]" name="cleanUp" is-config="true" duration-ms="159" started-at="2019-03-24T07:20:07Z" finished-at="2019-03-24T07:20:07Z">
          <reporter-output>
          </reporter-output>
        </test-method> <!-- cleanUp -->
        <test-method status="PASS" signature="setUp(boolean, java.lang.String, java.lang.String, java.lang.String, java.lang.String, java.lang.String, java.lang.String)[pri:0, instance:testamazonpages.TestHomePageAmazon@15975490]" name="setUp" is-config="true" duration-ms="5905" started-at="2019-03-24T07:20:07Z" finished-at="2019-03-24T07:20:13Z">
          <params>
            <param index="0">
              <value>
                <![CDATA[false]]>
              </value>
            </param>
            <param index="1">
              <value>
                <![CDATA[browserstack]]>
              </value>
            </param>
            <param index="2">
              <value>
                <![CDATA[OS X]]>
              </value>
            </param>
            <param index="3">
              <value>
                <![CDATA[Sierra]]>
              </value>
            </param>
            <param index="4">
              <value>
                <![CDATA[chrome-options]]>
              </value>
            </param>
            <param index="5">
              <value>
                <![CDATA[30.0]]>
              </value>
            </param>
            <param index="6">
              <value>
                <![CDATA[https://www.amazon.com/]]>
              </value>
            </param>
          </params>
          <reporter-output>
          </reporter-output>
        </test-method> <!-- setUp -->
        <test-method status="PASS" signature="initialize()[pri:0, instance:testamazonpages.TestHomePageAmazon@15975490]" name="initialize" is-config="true" duration-ms="4" started-at="2019-03-24T07:20:13Z" finished-at="2019-03-24T07:20:13Z">
          <reporter-output>
          </reporter-output>
        </test-method> <!-- initialize -->
        <test-method status="PASS" signature="testCheckboxesInGiftCards()[pri:0, instance:testamazonpages.TestHomePageAmazon@15975490]" name="testCheckboxesInGiftCards" duration-ms="24250" started-at="2019-03-24T07:20:13Z" description="checkboxes" finished-at="2019-03-24T07:20:38Z">
          <reporter-output>
          </reporter-output>
        </test-method> <!-- testCheckboxesInGiftCards -->
        <test-method status="PASS" signature="cleanUp()[pri:0, instance:testamazonpages.TestHomePageAmazon@15975490]" name="cleanUp" is-config="true" duration-ms="103" started-at="2019-03-24T07:20:38Z" finished-at="2019-03-24T07:20:38Z">
          <reporter-output>
          </reporter-output>
        </test-method> <!-- cleanUp -->
        <test-method status="PASS" signature="setUp(boolean, java.lang.String, java.lang.String, java.lang.String, java.lang.String, java.lang.String, java.lang.String)[pri:0, instance:testamazonpages.TestHomePageAmazon@15975490]" name="setUp" is-config="true" duration-ms="3062" started-at="2019-03-24T07:20:38Z" finished-at="2019-03-24T07:20:41Z">
          <params>
            <param index="0">
              <value>
                <![CDATA[false]]>
              </value>
            </param>
            <param index="1">
              <value>
                <![CDATA[browserstack]]>
              </value>
            </param>
            <param index="2">
              <value>
                <![CDATA[OS X]]>
              </value>
            </param>
            <param index="3">
              <value>
                <![CDATA[Sierra]]>
              </value>
            </param>
            <param index="4">
              <value>
                <![CDATA[chrome-options]]>
              </value>
            </param>
            <param index="5">
              <value>
                <![CDATA[30.0]]>
              </value>
            </param>
            <param index="6">
              <value>
                <![CDATA[https://www.amazon.com/]]>
              </value>
            </param>
          </params>
          <reporter-output>
          </reporter-output>
        </test-method> <!-- setUp -->
        <test-method status="PASS" signature="initialize()[pri:0, instance:testamazonpages.TestHomePageAmazon@15975490]" name="initialize" is-config="true" duration-ms="5" started-at="2019-03-24T07:20:41Z" finished-at="2019-03-24T07:20:41Z">
          <reporter-output>
          </reporter-output>
        </test-method> <!-- initialize -->
        <test-method status="PASS" signature="testClickLangSettings()[pri:0, instance:testamazonpages.TestHomePageAmazon@15975490]" name="testClickLangSettings" duration-ms="15648" started-at="2019-03-24T07:20:41Z" description="?" finished-at="2019-03-24T07:20:56Z">
          <reporter-output>
          </reporter-output>
        </test-method> <!-- testClickLangSettings -->
        <test-method status="PASS" signature="cleanUp()[pri:0, instance:testamazonpages.TestHomePageAmazon@15975490]" name="cleanUp" is-config="true" duration-ms="133" started-at="2019-03-24T07:20:56Z" finished-at="2019-03-24T07:20:56Z">
          <reporter-output>
          </reporter-output>
        </test-method> <!-- cleanUp -->
        <test-method status="PASS" signature="setUp(boolean, java.lang.String, java.lang.String, java.lang.String, java.lang.String, java.lang.String, java.lang.String)[pri:0, instance:testamazonpages.TestHomePageAmazon@15975490]" name="setUp" is-config="true" duration-ms="5082" started-at="2019-03-24T07:20:56Z" finished-at="2019-03-24T07:21:02Z">
          <params>
            <param index="0">
              <value>
                <![CDATA[false]]>
              </value>
            </param>
            <param index="1">
              <value>
                <![CDATA[browserstack]]>
              </value>
            </param>
            <param index="2">
              <value>
                <![CDATA[OS X]]>
              </value>
            </param>
            <param index="3">
              <value>
                <![CDATA[Sierra]]>
              </value>
            </param>
            <param index="4">
              <value>
                <![CDATA[chrome-options]]>
              </value>
            </param>
            <param index="5">
              <value>
                <![CDATA[30.0]]>
              </value>
            </param>
            <param index="6">
              <value>
                <![CDATA[https://www.amazon.com/]]>
              </value>
            </param>
          </params>
          <reporter-output>
          </reporter-output>
        </test-method> <!-- setUp -->
        <test-method status="PASS" signature="initialize()[pri:0, instance:testamazonpages.TestHomePageAmazon@15975490]" name="initialize" is-config="true" duration-ms="4" started-at="2019-03-24T07:21:02Z" finished-at="2019-03-24T07:21:02Z">
          <reporter-output>
          </reporter-output>
        </test-method> <!-- initialize -->
        <test-method status="PASS" signature="testExaternalLinks()[pri:0, instance:testamazonpages.TestHomePageAmazon@15975490]" name="testExaternalLinks" duration-ms="125474" started-at="2019-03-24T07:21:02Z" description="External Links" finished-at="2019-03-24T07:23:07Z">
          <reporter-output>
          </reporter-output>
        </test-method> <!-- testExaternalLinks -->
        <test-method status="PASS" signature="cleanUp()[pri:0, instance:testamazonpages.TestHomePageAmazon@15975490]" name="cleanUp" is-config="true" duration-ms="200" started-at="2019-03-24T07:23:07Z" finished-at="2019-03-24T07:23:07Z">
          <reporter-output>
          </reporter-output>
        </test-method> <!-- cleanUp -->
        <test-method status="PASS" signature="setUp(boolean, java.lang.String, java.lang.String, java.lang.String, java.lang.String, java.lang.String, java.lang.String)[pri:0, instance:testamazonpages.TestHomePageAmazon@15975490]" name="setUp" is-config="true" duration-ms="5294" started-at="2019-03-24T07:23:07Z" finished-at="2019-03-24T07:23:13Z">
          <params>
            <param index="0">
              <value>
                <![CDATA[false]]>
              </value>
            </param>
            <param index="1">
              <value>
                <![CDATA[browserstack]]>
              </value>
            </param>
            <param index="2">
              <value>
                <![CDATA[OS X]]>
              </value>
            </param>
            <param index="3">
              <value>
                <![CDATA[Sierra]]>
              </value>
            </param>
            <param index="4">
              <value>
                <![CDATA[chrome-options]]>
              </value>
            </param>
            <param index="5">
              <value>
                <![CDATA[30.0]]>
              </value>
            </param>
            <param index="6">
              <value>
                <![CDATA[https://www.amazon.com/]]>
              </value>
            </param>
          </params>
          <reporter-output>
          </reporter-output>
        </test-method> <!-- setUp -->
        <test-method status="PASS" signature="initialize()[pri:0, instance:testamazonpages.TestHomePageAmazon@15975490]" name="initialize" is-config="true" duration-ms="2" started-at="2019-03-24T07:23:13Z" finished-at="2019-03-24T07:23:13Z">
          <reporter-output>
          </reporter-output>
        </test-method> <!-- initialize -->
        <test-method status="PASS" signature="testGetDropdownOptions()[pri:0, instance:testamazonpages.TestHomePageAmazon@15975490]" name="testGetDropdownOptions" duration-ms="1188" started-at="2019-03-24T07:23:13Z" description="dropdown options" finished-at="2019-03-24T07:23:14Z">
          <reporter-output>
          </reporter-output>
        </test-method> <!-- testGetDropdownOptions -->
        <test-method status="PASS" signature="cleanUp()[pri:0, instance:testamazonpages.TestHomePageAmazon@15975490]" name="cleanUp" is-config="true" duration-ms="149" started-at="2019-03-24T07:23:14Z" finished-at="2019-03-24T07:23:14Z">
          <reporter-output>
          </reporter-output>
        </test-method> <!-- cleanUp -->
        <test-method status="PASS" signature="setUp(boolean, java.lang.String, java.lang.String, java.lang.String, java.lang.String, java.lang.String, java.lang.String)[pri:0, instance:testamazonpages.TestHomePageAmazon@15975490]" name="setUp" is-config="true" duration-ms="5077" started-at="2019-03-24T07:23:14Z" finished-at="2019-03-24T07:23:19Z">
          <params>
            <param index="0">
              <value>
                <![CDATA[false]]>
              </value>
            </param>
            <param index="1">
              <value>
                <![CDATA[browserstack]]>
              </value>
            </param>
            <param index="2">
              <value>
                <![CDATA[OS X]]>
              </value>
            </param>
            <param index="3">
              <value>
                <![CDATA[Sierra]]>
              </value>
            </param>
            <param index="4">
              <value>
                <![CDATA[chrome-options]]>
              </value>
            </param>
            <param index="5">
              <value>
                <![CDATA[30.0]]>
              </value>
            </param>
            <param index="6">
              <value>
                <![CDATA[https://www.amazon.com/]]>
              </value>
            </param>
          </params>
          <reporter-output>
          </reporter-output>
        </test-method> <!-- setUp -->
        <test-method status="PASS" signature="initialize()[pri:0, instance:testamazonpages.TestHomePageAmazon@15975490]" name="initialize" is-config="true" duration-ms="3" started-at="2019-03-24T07:23:19Z" finished-at="2019-03-24T07:23:19Z">
          <reporter-output>
          </reporter-output>
        </test-method> <!-- initialize -->
        <test-method status="PASS" signature="testGetPrimePageTabs()[pri:0, instance:testamazonpages.TestHomePageAmazon@15975490]" name="testGetPrimePageTabs" duration-ms="9625" started-at="2019-03-24T07:23:19Z" description="tabs" finished-at="2019-03-24T07:23:29Z">
          <reporter-output>
          </reporter-output>
        </test-method> <!-- testGetPrimePageTabs -->
        <test-method status="PASS" signature="cleanUp()[pri:0, instance:testamazonpages.TestHomePageAmazon@15975490]" name="cleanUp" is-config="true" duration-ms="88" started-at="2019-03-24T07:23:29Z" finished-at="2019-03-24T07:23:29Z">
          <reporter-output>
          </reporter-output>
        </test-method> <!-- cleanUp -->
        <test-method status="PASS" signature="setUp(boolean, java.lang.String, java.lang.String, java.lang.String, java.lang.String, java.lang.String, java.lang.String)[pri:0, instance:testamazonpages.TestHomePageAmazon@15975490]" name="setUp" is-config="true" duration-ms="6269" started-at="2019-03-24T07:23:29Z" finished-at="2019-03-24T07:23:35Z">
          <params>
            <param index="0">
              <value>
                <![CDATA[false]]>
              </value>
            </param>
            <param index="1">
              <value>
                <![CDATA[browserstack]]>
              </value>
            </param>
            <param index="2">
              <value>
                <![CDATA[OS X]]>
              </value>
            </param>
            <param index="3">
              <value>
                <![CDATA[Sierra]]>
              </value>
            </param>
            <param index="4">
              <value>
                <![CDATA[chrome-options]]>
              </value>
            </param>
            <param index="5">
              <value>
                <![CDATA[30.0]]>
              </value>
            </param>
            <param index="6">
              <value>
                <![CDATA[https://www.amazon.com/]]>
              </value>
            </param>
          </params>
          <reporter-output>
          </reporter-output>
        </test-method> <!-- setUp -->
        <test-method status="PASS" signature="initialize()[pri:0, instance:testamazonpages.TestHomePageAmazon@15975490]" name="initialize" is-config="true" duration-ms="1" started-at="2019-03-24T07:23:35Z" finished-at="2019-03-24T07:23:35Z">
          <reporter-output>
          </reporter-output>
        </test-method> <!-- initialize -->
        <test-method status="PASS" signature="testIFrameExample()[pri:0, instance:testamazonpages.TestHomePageAmazon@15975490]" name="testIFrameExample" duration-ms="2375" started-at="2019-03-24T07:23:35Z" description="iframe" finished-at="2019-03-24T07:23:37Z">
          <reporter-output>
          </reporter-output>
        </test-method> <!-- testIFrameExample -->
        <test-method status="PASS" signature="cleanUp()[pri:0, instance:testamazonpages.TestHomePageAmazon@15975490]" name="cleanUp" is-config="true" duration-ms="145" started-at="2019-03-24T07:23:37Z" finished-at="2019-03-24T07:23:37Z">
          <reporter-output>
          </reporter-output>
        </test-method> <!-- cleanUp -->
        <test-method status="PASS" signature="setUp(boolean, java.lang.String, java.lang.String, java.lang.String, java.lang.String, java.lang.String, java.lang.String)[pri:0, instance:testamazonpages.TestHomePageAmazon@15975490]" name="setUp" is-config="true" duration-ms="7635" started-at="2019-03-24T07:23:37Z" finished-at="2019-03-24T07:23:45Z">
          <params>
            <param index="0">
              <value>
                <![CDATA[false]]>
              </value>
            </param>
            <param index="1">
              <value>
                <![CDATA[browserstack]]>
              </value>
            </param>
            <param index="2">
              <value>
                <![CDATA[OS X]]>
              </value>
            </param>
            <param index="3">
              <value>
                <![CDATA[Sierra]]>
              </value>
            </param>
            <param index="4">
              <value>
                <![CDATA[chrome-options]]>
              </value>
            </param>
            <param index="5">
              <value>
                <![CDATA[30.0]]>
              </value>
            </param>
            <param index="6">
              <value>
                <![CDATA[https://www.amazon.com/]]>
              </value>
            </param>
          </params>
          <reporter-output>
          </reporter-output>
        </test-method> <!-- setUp -->
        <test-method status="PASS" signature="initialize()[pri:0, instance:testamazonpages.TestHomePageAmazon@15975490]" name="initialize" is-config="true" duration-ms="1" started-at="2019-03-24T07:23:45Z" finished-at="2019-03-24T07:23:45Z">
          <reporter-output>
          </reporter-output>
        </test-method> <!-- initialize -->
        <test-method status="PASS" signature="testImagePresent()[pri:0, instance:testamazonpages.TestHomePageAmazon@15975490]" name="testImagePresent" duration-ms="123" started-at="2019-03-24T07:23:45Z" description="Image present test" finished-at="2019-03-24T07:23:45Z">
          <reporter-output>
          </reporter-output>
        </test-method> <!-- testImagePresent -->
        <test-method status="PASS" signature="cleanUp()[pri:0, instance:testamazonpages.TestHomePageAmazon@15975490]" name="cleanUp" is-config="true" duration-ms="186" started-at="2019-03-24T07:23:45Z" finished-at="2019-03-24T07:23:45Z">
          <reporter-output>
          </reporter-output>
        </test-method> <!-- cleanUp -->
        <test-method status="PASS" signature="setUp(boolean, java.lang.String, java.lang.String, java.lang.String, java.lang.String, java.lang.String, java.lang.String)[pri:0, instance:testamazonpages.TestHomePageAmazon@15975490]" name="setUp" is-config="true" duration-ms="4947" started-at="2019-03-24T07:23:45Z" finished-at="2019-03-24T07:23:50Z">
          <params>
            <param index="0">
              <value>
                <![CDATA[false]]>
              </value>
            </param>
            <param index="1">
              <value>
                <![CDATA[browserstack]]>
              </value>
            </param>
            <param index="2">
              <value>
                <![CDATA[OS X]]>
              </value>
            </param>
            <param index="3">
              <value>
                <![CDATA[Sierra]]>
              </value>
            </param>
            <param index="4">
              <value>
                <![CDATA[chrome-options]]>
              </value>
            </param>
            <param index="5">
              <value>
                <![CDATA[30.0]]>
              </value>
            </param>
            <param index="6">
              <value>
                <![CDATA[https://www.amazon.com/]]>
              </value>
            </param>
          </params>
          <reporter-output>
          </reporter-output>
        </test-method> <!-- setUp -->
        <test-method status="PASS" signature="initialize()[pri:0, instance:testamazonpages.TestHomePageAmazon@15975490]" name="initialize" is-config="true" duration-ms="2" started-at="2019-03-24T07:23:50Z" finished-at="2019-03-24T07:23:50Z">
          <reporter-output>
          </reporter-output>
        </test-method> <!-- initialize -->
        <test-method status="PASS" signature="testInternalLinks()[pri:0, instance:testamazonpages.TestHomePageAmazon@15975490]" name="testInternalLinks" duration-ms="103598" started-at="2019-03-24T07:23:50Z" description="Internal Links" finished-at="2019-03-24T07:25:34Z">
          <reporter-output>
          </reporter-output>
        </test-method> <!-- testInternalLinks -->
        <test-method status="PASS" signature="cleanUp()[pri:0, instance:testamazonpages.TestHomePageAmazon@15975490]" name="cleanUp" is-config="true" duration-ms="218" started-at="2019-03-24T07:25:34Z" finished-at="2019-03-24T07:25:34Z">
          <reporter-output>
          </reporter-output>
        </test-method> <!-- cleanUp -->
        <test-method status="PASS" signature="setUp(boolean, java.lang.String, java.lang.String, java.lang.String, java.lang.String, java.lang.String, java.lang.String)[pri:0, instance:testamazonpages.TestHomePageAmazon@15975490]" name="setUp" is-config="true" duration-ms="4766" started-at="2019-03-24T07:25:34Z" finished-at="2019-03-24T07:25:39Z">
          <params>
            <param index="0">
              <value>
                <![CDATA[false]]>
              </value>
            </param>
            <param index="1">
              <value>
                <![CDATA[browserstack]]>
              </value>
            </param>
            <param index="2">
              <value>
                <![CDATA[OS X]]>
              </value>
            </param>
            <param index="3">
              <value>
                <![CDATA[Sierra]]>
              </value>
            </param>
            <param index="4">
              <value>
                <![CDATA[chrome-options]]>
              </value>
            </param>
            <param index="5">
              <value>
                <![CDATA[30.0]]>
              </value>
            </param>
            <param index="6">
              <value>
                <![CDATA[https://www.amazon.com/]]>
              </value>
            </param>
          </params>
          <reporter-output>
          </reporter-output>
        </test-method> <!-- setUp -->
        <test-method status="PASS" signature="initialize()[pri:0, instance:testamazonpages.TestHomePageAmazon@15975490]" name="initialize" is-config="true" duration-ms="4" started-at="2019-03-24T07:25:39Z" finished-at="2019-03-24T07:25:39Z">
          <reporter-output>
          </reporter-output>
        </test-method> <!-- initialize -->
        <test-method status="PASS" signature="testInvalidAccountSignIn(java.lang.String, java.lang.String)[pri:0, instance:testamazonpages.TestHomePageAmazon@15975490]" name="testInvalidAccountSignIn" duration-ms="4626" started-at="2019-03-24T07:25:39Z" data-provider="signInExcelData" finished-at="2019-03-24T07:25:44Z">
          <params>
            <param index="0">
              <value>
                <![CDATA[testuser1@test.com]]>
              </value>
            </param>
            <param index="1">
              <value>
                <![CDATA[testpassword1]]>
              </value>
            </param>
          </params>
          <reporter-output>
          </reporter-output>
        </test-method> <!-- testInvalidAccountSignIn -->
        <test-method status="PASS" signature="cleanUp()[pri:0, instance:testamazonpages.TestHomePageAmazon@15975490]" name="cleanUp" is-config="true" duration-ms="150" started-at="2019-03-24T07:25:44Z" finished-at="2019-03-24T07:25:44Z">
          <reporter-output>
          </reporter-output>
        </test-method> <!-- cleanUp -->
        <test-method status="PASS" signature="setUp(boolean, java.lang.String, java.lang.String, java.lang.String, java.lang.String, java.lang.String, java.lang.String)[pri:0, instance:testamazonpages.TestHomePageAmazon@15975490]" name="setUp" is-config="true" duration-ms="4920" started-at="2019-03-24T07:25:44Z" finished-at="2019-03-24T07:25:49Z">
          <params>
            <param index="0">
              <value>
                <![CDATA[false]]>
              </value>
            </param>
            <param index="1">
              <value>
                <![CDATA[browserstack]]>
              </value>
            </param>
            <param index="2">
              <value>
                <![CDATA[OS X]]>
              </value>
            </param>
            <param index="3">
              <value>
                <![CDATA[Sierra]]>
              </value>
            </param>
            <param index="4">
              <value>
                <![CDATA[chrome-options]]>
              </value>
            </param>
            <param index="5">
              <value>
                <![CDATA[30.0]]>
              </value>
            </param>
            <param index="6">
              <value>
                <![CDATA[https://www.amazon.com/]]>
              </value>
            </param>
          </params>
          <reporter-output>
          </reporter-output>
        </test-method> <!-- setUp -->
        <test-method status="PASS" signature="initialize()[pri:0, instance:testamazonpages.TestHomePageAmazon@15975490]" name="initialize" is-config="true" duration-ms="5" started-at="2019-03-24T07:25:49Z" finished-at="2019-03-24T07:25:49Z">
          <reporter-output>
          </reporter-output>
        </test-method> <!-- initialize -->
        <test-method status="PASS" signature="testInvalidAccountSignIn(java.lang.String, java.lang.String)[pri:0, instance:testamazonpages.TestHomePageAmazon@15975490]" name="testInvalidAccountSignIn" duration-ms="4603" started-at="2019-03-24T07:25:49Z" data-provider="signInExcelData" finished-at="2019-03-24T07:25:53Z">
          <params>
            <param index="0">
              <value>
                <![CDATA[testuser2@test.com]]>
              </value>
            </param>
            <param index="1">
              <value>
                <![CDATA[testpassword2]]>
              </value>
            </param>
          </params>
          <reporter-output>
          </reporter-output>
        </test-method> <!-- testInvalidAccountSignIn -->
        <test-method status="PASS" signature="cleanUp()[pri:0, instance:testamazonpages.TestHomePageAmazon@15975490]" name="cleanUp" is-config="true" duration-ms="107" started-at="2019-03-24T07:25:53Z" finished-at="2019-03-24T07:25:54Z">
          <reporter-output>
          </reporter-output>
        </test-method> <!-- cleanUp -->
        <test-method status="PASS" signature="setUp(boolean, java.lang.String, java.lang.String, java.lang.String, java.lang.String, java.lang.String, java.lang.String)[pri:0, instance:testamazonpages.TestHomePageAmazon@15975490]" name="setUp" is-config="true" duration-ms="5321" started-at="2019-03-24T07:25:54Z" finished-at="2019-03-24T07:25:59Z">
          <params>
            <param index="0">
              <value>
                <![CDATA[false]]>
              </value>
            </param>
            <param index="1">
              <value>
                <![CDATA[browserstack]]>
              </value>
            </param>
            <param index="2">
              <value>
                <![CDATA[OS X]]>
              </value>
            </param>
            <param index="3">
              <value>
                <![CDATA[Sierra]]>
              </value>
            </param>
            <param index="4">
              <value>
                <![CDATA[chrome-options]]>
              </value>
            </param>
            <param index="5">
              <value>
                <![CDATA[30.0]]>
              </value>
            </param>
            <param index="6">
              <value>
                <![CDATA[https://www.amazon.com/]]>
              </value>
            </param>
          </params>
          <reporter-output>
          </reporter-output>
        </test-method> <!-- setUp -->
        <test-method status="PASS" signature="initialize()[pri:0, instance:testamazonpages.TestHomePageAmazon@15975490]" name="initialize" is-config="true" duration-ms="3" started-at="2019-03-24T07:25:59Z" finished-at="2019-03-24T07:25:59Z">
          <reporter-output>
          </reporter-output>
        </test-method> <!-- initialize -->
        <test-method status="PASS" signature="testNavigation()[pri:0, instance:testamazonpages.TestHomePageAmazon@15975490]" name="testNavigation" duration-ms="3876" started-at="2019-03-24T07:25:59Z" description="navigation" finished-at="2019-03-24T07:26:03Z">
          <reporter-output>
          </reporter-output>
        </test-method> <!-- testNavigation -->
        <test-method status="PASS" signature="cleanUp()[pri:0, instance:testamazonpages.TestHomePageAmazon@15975490]" name="cleanUp" is-config="true" duration-ms="144" started-at="2019-03-24T07:26:03Z" finished-at="2019-03-24T07:26:03Z">
          <reporter-output>
          </reporter-output>
        </test-method> <!-- cleanUp -->
        <test-method status="PASS" signature="setUp(boolean, java.lang.String, java.lang.String, java.lang.String, java.lang.String, java.lang.String, java.lang.String)[pri:0, instance:testamazonpages.TestHomePageAmazon@15975490]" name="setUp" is-config="true" duration-ms="5276" started-at="2019-03-24T07:26:03Z" finished-at="2019-03-24T07:26:08Z">
          <params>
            <param index="0">
              <value>
                <![CDATA[false]]>
              </value>
            </param>
            <param index="1">
              <value>
                <![CDATA[browserstack]]>
              </value>
            </param>
            <param index="2">
              <value>
                <![CDATA[OS X]]>
              </value>
            </param>
            <param index="3">
              <value>
                <![CDATA[Sierra]]>
              </value>
            </param>
            <param index="4">
              <value>
                <![CDATA[chrome-options]]>
              </value>
            </param>
            <param index="5">
              <value>
                <![CDATA[30.0]]>
              </value>
            </param>
            <param index="6">
              <value>
                <![CDATA[https://www.amazon.com/]]>
              </value>
            </param>
          </params>
          <reporter-output>
          </reporter-output>
        </test-method> <!-- setUp -->
        <test-method status="PASS" signature="initialize()[pri:0, instance:testamazonpages.TestHomePageAmazon@15975490]" name="initialize" is-config="true" duration-ms="2" started-at="2019-03-24T07:26:08Z" finished-at="2019-03-24T07:26:08Z">
          <reporter-output>
          </reporter-output>
        </test-method> <!-- initialize -->
        <test-method status="PASS" signature="testPrimeLink()[pri:0, instance:testamazonpages.TestHomePageAmazon@15975490]" name="testPrimeLink" duration-ms="5705" started-at="2019-03-24T07:26:08Z" description="try prime" finished-at="2019-03-24T07:26:14Z">
          <reporter-output>
          </reporter-output>
        </test-method> <!-- testPrimeLink -->
        <test-method status="PASS" signature="cleanUp()[pri:0, instance:testamazonpages.TestHomePageAmazon@15975490]" name="cleanUp" is-config="true" duration-ms="151" started-at="2019-03-24T07:26:14Z" finished-at="2019-03-24T07:26:14Z">
          <reporter-output>
          </reporter-output>
        </test-method> <!-- cleanUp -->
        <test-method status="PASS" signature="setUp(boolean, java.lang.String, java.lang.String, java.lang.String, java.lang.String, java.lang.String, java.lang.String)[pri:0, instance:testamazonpages.TestHomePageAmazon@15975490]" name="setUp" is-config="true" duration-ms="5112" started-at="2019-03-24T07:26:14Z" finished-at="2019-03-24T07:26:19Z">
          <params>
            <param index="0">
              <value>
                <![CDATA[false]]>
              </value>
            </param>
            <param index="1">
              <value>
                <![CDATA[browserstack]]>
              </value>
            </param>
            <param index="2">
              <value>
                <![CDATA[OS X]]>
              </value>
            </param>
            <param index="3">
              <value>
                <![CDATA[Sierra]]>
              </value>
            </param>
            <param index="4">
              <value>
                <![CDATA[chrome-options]]>
              </value>
            </param>
            <param index="5">
              <value>
                <![CDATA[30.0]]>
              </value>
            </param>
            <param index="6">
              <value>
                <![CDATA[https://www.amazon.com/]]>
              </value>
            </param>
          </params>
          <reporter-output>
          </reporter-output>
        </test-method> <!-- setUp -->
        <test-method status="PASS" signature="initialize()[pri:0, instance:testamazonpages.TestHomePageAmazon@15975490]" name="initialize" is-config="true" duration-ms="2" started-at="2019-03-24T07:26:19Z" finished-at="2019-03-24T07:26:19Z">
          <reporter-output>
          </reporter-output>
        </test-method> <!-- initialize -->
        <test-method status="PASS" signature="testPrimePageTable()[pri:0, instance:testamazonpages.TestHomePageAmazon@15975490]" name="testPrimePageTable" duration-ms="31881" started-at="2019-03-24T07:26:19Z" description="web table" finished-at="2019-03-24T07:26:51Z">
          <reporter-output>
          </reporter-output>
        </test-method> <!-- testPrimePageTable -->
        <test-method status="PASS" signature="cleanUp()[pri:0, instance:testamazonpages.TestHomePageAmazon@15975490]" name="cleanUp" is-config="true" duration-ms="135" started-at="2019-03-24T07:26:51Z" finished-at="2019-03-24T07:26:51Z">
          <reporter-output>
          </reporter-output>
        </test-method> <!-- cleanUp -->
        <test-method status="PASS" signature="setUp(boolean, java.lang.String, java.lang.String, java.lang.String, java.lang.String, java.lang.String, java.lang.String)[pri:0, instance:testamazonpages.TestHomePageAmazon@15975490]" name="setUp" is-config="true" duration-ms="4546" started-at="2019-03-24T07:26:51Z" finished-at="2019-03-24T07:26:56Z">
          <params>
            <param index="0">
              <value>
                <![CDATA[false]]>
              </value>
            </param>
            <param index="1">
              <value>
                <![CDATA[browserstack]]>
              </value>
            </param>
            <param index="2">
              <value>
                <![CDATA[OS X]]>
              </value>
            </param>
            <param index="3">
              <value>
                <![CDATA[Sierra]]>
              </value>
            </param>
            <param index="4">
              <value>
                <![CDATA[chrome-options]]>
              </value>
            </param>
            <param index="5">
              <value>
                <![CDATA[30.0]]>
              </value>
            </param>
            <param index="6">
              <value>
                <![CDATA[https://www.amazon.com/]]>
              </value>
            </param>
          </params>
          <reporter-output>
          </reporter-output>
        </test-method> <!-- setUp -->
        <test-method status="PASS" signature="initialize()[pri:0, instance:testamazonpages.TestHomePageAmazon@15975490]" name="initialize" is-config="true" duration-ms="6" started-at="2019-03-24T07:26:56Z" finished-at="2019-03-24T07:26:56Z">
          <reporter-output>
          </reporter-output>
        </test-method> <!-- initialize -->
        <test-method status="PASS" signature="testSearchButton()[pri:0, instance:testamazonpages.TestHomePageAmazon@15975490]" name="testSearchButton" duration-ms="3468" started-at="2019-03-24T07:26:56Z" description="search button" finished-at="2019-03-24T07:26:59Z">
          <reporter-output>
          </reporter-output>
        </test-method> <!-- testSearchButton -->
        <test-method status="PASS" signature="cleanUp()[pri:0, instance:testamazonpages.TestHomePageAmazon@15975490]" name="cleanUp" is-config="true" duration-ms="147" started-at="2019-03-24T07:26:59Z" finished-at="2019-03-24T07:26:59Z">
          <reporter-output>
          </reporter-output>
        </test-method> <!-- cleanUp -->
        <test-method status="PASS" signature="setUp(boolean, java.lang.String, java.lang.String, java.lang.String, java.lang.String, java.lang.String, java.lang.String)[pri:0, instance:testamazonpages.TestHomePageAmazon@15975490]" name="setUp" is-config="true" duration-ms="4779" started-at="2019-03-24T07:26:59Z" finished-at="2019-03-24T07:27:04Z">
          <params>
            <param index="0">
              <value>
                <![CDATA[false]]>
              </value>
            </param>
            <param index="1">
              <value>
                <![CDATA[browserstack]]>
              </value>
            </param>
            <param index="2">
              <value>
                <![CDATA[OS X]]>
              </value>
            </param>
            <param index="3">
              <value>
                <![CDATA[Sierra]]>
              </value>
            </param>
            <param index="4">
              <value>
                <![CDATA[chrome-options]]>
              </value>
            </param>
            <param index="5">
              <value>
                <![CDATA[30.0]]>
              </value>
            </param>
            <param index="6">
              <value>
                <![CDATA[https://www.amazon.com/]]>
              </value>
            </param>
          </params>
          <reporter-output>
          </reporter-output>
        </test-method> <!-- setUp -->
        <test-method status="PASS" signature="initialize()[pri:0, instance:testamazonpages.TestHomePageAmazon@15975490]" name="initialize" is-config="true" duration-ms="1" started-at="2019-03-24T07:27:04Z" finished-at="2019-03-24T07:27:04Z">
          <reporter-output>
          </reporter-output>
        </test-method> <!-- initialize -->
        <test-method status="PASS" signature="testSearchForItems()[pri:0, instance:testamazonpages.TestHomePageAmazon@15975490]" name="testSearchForItems" duration-ms="4687" started-at="2019-03-24T07:27:04Z" description="search bar" finished-at="2019-03-24T07:27:09Z">
          <reporter-output>
          </reporter-output>
        </test-method> <!-- testSearchForItems -->
        <test-method status="PASS" signature="cleanUp()[pri:0, instance:testamazonpages.TestHomePageAmazon@15975490]" name="cleanUp" is-config="true" duration-ms="110" started-at="2019-03-24T07:27:09Z" finished-at="2019-03-24T07:27:09Z">
          <reporter-output>
          </reporter-output>
        </test-method> <!-- cleanUp -->
        <test-method status="PASS" signature="setUp(boolean, java.lang.String, java.lang.String, java.lang.String, java.lang.String, java.lang.String, java.lang.String)[pri:0, instance:testamazonpages.TestHomePageAmazon@15975490]" name="setUp" is-config="true" duration-ms="6385" started-at="2019-03-24T07:27:09Z" finished-at="2019-03-24T07:27:15Z">
          <params>
            <param index="0">
              <value>
                <![CDATA[false]]>
              </value>
            </param>
            <param index="1">
              <value>
                <![CDATA[browserstack]]>
              </value>
            </param>
            <param index="2">
              <value>
                <![CDATA[OS X]]>
              </value>
            </param>
            <param index="3">
              <value>
                <![CDATA[Sierra]]>
              </value>
            </param>
            <param index="4">
              <value>
                <![CDATA[chrome-options]]>
              </value>
            </param>
            <param index="5">
              <value>
                <![CDATA[30.0]]>
              </value>
            </param>
            <param index="6">
              <value>
                <![CDATA[https://www.amazon.com/]]>
              </value>
            </param>
          </params>
          <reporter-output>
          </reporter-output>
        </test-method> <!-- setUp -->
        <test-method status="PASS" signature="initialize()[pri:0, instance:testamazonpages.TestHomePageAmazon@15975490]" name="initialize" is-config="true" duration-ms="4" started-at="2019-03-24T07:27:15Z" finished-at="2019-03-24T07:27:15Z">
          <reporter-output>
          </reporter-output>
        </test-method> <!-- initialize -->
        <test-method status="PASS" signature="testSearchForItemsMongo()[pri:0, instance:testamazonpages.TestHomePageAmazon@15975490]" name="testSearchForItemsMongo" duration-ms="355" started-at="2019-03-24T07:27:15Z" description="mongo database" finished-at="2019-03-24T07:27:16Z">
          <reporter-output>
          </reporter-output>
        </test-method> <!-- testSearchForItemsMongo -->
        <test-method status="PASS" signature="cleanUp()[pri:0, instance:testamazonpages.TestHomePageAmazon@15975490]" name="cleanUp" is-config="true" duration-ms="146" started-at="2019-03-24T07:27:16Z" finished-at="2019-03-24T07:27:16Z">
          <reporter-output>
          </reporter-output>
        </test-method> <!-- cleanUp -->
        <test-method status="PASS" signature="setUp(boolean, java.lang.String, java.lang.String, java.lang.String, java.lang.String, java.lang.String, java.lang.String)[pri:0, instance:testamazonpages.TestHomePageAmazon@15975490]" name="setUp" is-config="true" duration-ms="4955" started-at="2019-03-24T07:27:16Z" finished-at="2019-03-24T07:27:21Z">
          <params>
            <param index="0">
              <value>
                <![CDATA[false]]>
              </value>
            </param>
            <param index="1">
              <value>
                <![CDATA[browserstack]]>
              </value>
            </param>
            <param index="2">
              <value>
                <![CDATA[OS X]]>
              </value>
            </param>
            <param index="3">
              <value>
                <![CDATA[Sierra]]>
              </value>
            </param>
            <param index="4">
              <value>
                <![CDATA[chrome-options]]>
              </value>
            </param>
            <param index="5">
              <value>
                <![CDATA[30.0]]>
              </value>
            </param>
            <param index="6">
              <value>
                <![CDATA[https://www.amazon.com/]]>
              </value>
            </param>
          </params>
          <reporter-output>
          </reporter-output>
        </test-method> <!-- setUp -->
        <test-method status="PASS" signature="initialize()[pri:0, instance:testamazonpages.TestHomePageAmazon@15975490]" name="initialize" is-config="true" duration-ms="1" started-at="2019-03-24T07:27:21Z" finished-at="2019-03-24T07:27:21Z">
          <reporter-output>
          </reporter-output>
        </test-method> <!-- initialize -->
        <test-method status="FAIL" signature="testSearchItemsSql()[pri:0, instance:testamazonpages.TestHomePageAmazon@15975490]" name="testSearchItemsSql" duration-ms="354" started-at="2019-03-24T07:27:21Z" description="mysql test" finished-at="2019-03-24T07:27:21Z">
          <exception class="java.lang.NullPointerException">
            <full-stacktrace>
              <![CDATA[java.lang.NullPointerException
at testamazonpages.TestHomePageAmazon.testSearchItemsSql(TestHomePageAmazon.java:60)
at sun.reflect.NativeMethodAccessorImpl.invoke0(Native Method)
at sun.reflect.NativeMethodAccessorImpl.invoke(NativeMethodAccessorImpl.java:62)
at sun.reflect.DelegatingMethodAccessorImpl.invoke(DelegatingMethodAccessorImpl.java:43)
at java.lang.reflect.Method.invoke(Method.java:498)
at org.testng.internal.MethodInvocationHelper.invokeMethod(MethodInvocationHelper.java:124)
at org.testng.internal.Invoker.invokeMethod(Invoker.java:583)
at org.testng.internal.Invoker.invokeTestMethod(Invoker.java:719)
at org.testng.internal.Invoker.invokeTestMethods(Invoker.java:989)
at org.testng.internal.TestMethodWorker.invokeTestMethods(TestMethodWorker.java:125)
at org.testng.internal.TestMethodWorker.run(TestMethodWorker.java:109)
at org.testng.TestRunner.privateRun(TestRunner.java:648)
at org.testng.TestRunner.run(TestRunner.java:505)
at org.testng.SuiteRunner.runTest(SuiteRunner.java:455)
at org.testng.SuiteRunner.runSequentially(SuiteRunner.java:450)
at org.testng.SuiteRunner.privateRun(SuiteRunner.java:415)
at org.testng.SuiteRunner.run(SuiteRunner.java:364)
at org.testng.SuiteRunnerWorker.runSuite(SuiteRunnerWorker.java:52)
at org.testng.SuiteRunnerWorker.run(SuiteRunnerWorker.java:84)
at org.testng.TestNG.runSuitesSequentially(TestNG.java:1208)
at org.testng.TestNG.runSuitesLocally(TestNG.java:1137)
at org.testng.TestNG.runSuites(TestNG.java:1049)
at org.testng.TestNG.run(TestNG.java:1017)
at org.apache.maven.surefire.testng.TestNGExecutor.run(TestNGExecutor.java:283)
at org.apache.maven.surefire.testng.TestNGXmlTestSuite.execute(TestNGXmlTestSuite.java:75)
at org.apache.maven.surefire.testng.TestNGProvider.invoke(TestNGProvider.java:120)
at org.apache.maven.surefire.booter.ForkedBooter.invokeProviderInSameClassLoader(ForkedBooter.java:384)
at org.apache.maven.surefire.booter.ForkedBooter.runSuitesInProcess(ForkedBooter.java:345)
at org.apache.maven.surefire.booter.ForkedBooter.execute(ForkedBooter.java:126)
at org.apache.maven.surefire.booter.ForkedBooter.main(ForkedBooter.java:418)
]]>
            </full-stacktrace>
          </exception> <!-- java.lang.NullPointerException -->
          <reporter-output>
          </reporter-output>
        </test-method> <!-- testSearchItemsSql -->
        <test-method status="PASS" signature="cleanUp()[pri:0, instance:testamazonpages.TestHomePageAmazon@15975490]" name="cleanUp" is-config="true" duration-ms="158" started-at="2019-03-24T07:27:21Z" finished-at="2019-03-24T07:27:21Z">
          <reporter-output>
          </reporter-output>
        </test-method> <!-- cleanUp -->
        <test-method status="PASS" signature="setUp(boolean, java.lang.String, java.lang.String, java.lang.String, java.lang.String, java.lang.String, java.lang.String)[pri:0, instance:testamazonpages.TestHomePageAmazon@15975490]" name="setUp" is-config="true" duration-ms="5339" started-at="2019-03-24T07:27:21Z" finished-at="2019-03-24T07:27:27Z">
          <params>
            <param index="0">
              <value>
                <![CDATA[false]]>
              </value>
            </param>
            <param index="1">
              <value>
                <![CDATA[browserstack]]>
              </value>
            </param>
            <param index="2">
              <value>
                <![CDATA[OS X]]>
              </value>
            </param>
            <param index="3">
              <value>
                <![CDATA[Sierra]]>
              </value>
            </param>
            <param index="4">
              <value>
                <![CDATA[chrome-options]]>
              </value>
            </param>
            <param index="5">
              <value>
                <![CDATA[30.0]]>
              </value>
            </param>
            <param index="6">
              <value>
                <![CDATA[https://www.amazon.com/]]>
              </value>
            </param>
          </params>
          <reporter-output>
          </reporter-output>
        </test-method> <!-- setUp -->
        <test-method status="PASS" signature="initialize()[pri:0, instance:testamazonpages.TestHomePageAmazon@15975490]" name="initialize" is-config="true" duration-ms="2" started-at="2019-03-24T07:27:27Z" finished-at="2019-03-24T07:27:27Z">
          <reporter-output>
          </reporter-output>
        </test-method> <!-- initialize -->
        <test-method status="PASS" signature="testSearchResults()[pri:0, instance:testamazonpages.TestHomePageAmazon@15975490]" name="testSearchResults" duration-ms="2497" started-at="2019-03-24T07:27:27Z" description="search results" finished-at="2019-03-24T07:27:29Z">
          <reporter-output>
          </reporter-output>
        </test-method> <!-- testSearchResults -->
        <test-method status="PASS" signature="cleanUp()[pri:0, instance:testamazonpages.TestHomePageAmazon@15975490]" name="cleanUp" is-config="true" duration-ms="114" started-at="2019-03-24T07:27:29Z" finished-at="2019-03-24T07:27:29Z">
          <reporter-output>
          </reporter-output>
        </test-method> <!-- cleanUp -->
        <test-method status="PASS" signature="setUp(boolean, java.lang.String, java.lang.String, java.lang.String, java.lang.String, java.lang.String, java.lang.String)[pri:0, instance:testamazonpages.TestHomePageAmazon@15975490]" name="setUp" is-config="true" duration-ms="4961" started-at="2019-03-24T07:27:29Z" finished-at="2019-03-24T07:27:34Z">
          <params>
            <param index="0">
              <value>
                <![CDATA[false]]>
              </value>
            </param>
            <param index="1">
              <value>
                <![CDATA[browserstack]]>
              </value>
            </param>
            <param index="2">
              <value>
                <![CDATA[OS X]]>
              </value>
            </param>
            <param index="3">
              <value>
                <![CDATA[Sierra]]>
              </value>
            </param>
            <param index="4">
              <value>
                <![CDATA[chrome-options]]>
              </value>
            </param>
            <param index="5">
              <value>
                <![CDATA[30.0]]>
              </value>
            </param>
            <param index="6">
              <value>
                <![CDATA[https://www.amazon.com/]]>
              </value>
            </param>
          </params>
          <reporter-output>
          </reporter-output>
        </test-method> <!-- setUp -->
        <test-method status="PASS" signature="initialize()[pri:0, instance:testamazonpages.TestHomePageAmazon@15975490]" name="initialize" is-config="true" duration-ms="2" started-at="2019-03-24T07:27:34Z" finished-at="2019-03-24T07:27:34Z">
          <reporter-output>
          </reporter-output>
        </test-method> <!-- initialize -->
        <test-method status="PASS" signature="testSetDropdown()[pri:0, instance:testamazonpages.TestHomePageAmazon@15975490]" name="testSetDropdown" duration-ms="2820" started-at="2019-03-24T07:27:34Z" description="dropdown test1" finished-at="2019-03-24T07:27:37Z">
          <reporter-output>
          </reporter-output>
        </test-method> <!-- testSetDropdown -->
        <test-method status="PASS" signature="cleanUp()[pri:0, instance:testamazonpages.TestHomePageAmazon@15975490]" name="cleanUp" is-config="true" duration-ms="140" started-at="2019-03-24T07:27:37Z" finished-at="2019-03-24T07:27:37Z">
          <reporter-output>
          </reporter-output>
        </test-method> <!-- cleanUp -->
        <test-method status="PASS" signature="setUp(boolean, java.lang.String, java.lang.String, java.lang.String, java.lang.String, java.lang.String, java.lang.String)[pri:0, instance:testamazonpages.TestHomePageAmazon@15975490]" name="setUp" is-config="true" duration-ms="4915" started-at="2019-03-24T07:27:37Z" finished-at="2019-03-24T07:27:42Z">
          <params>
            <param index="0">
              <value>
                <![CDATA[false]]>
              </value>
            </param>
            <param index="1">
              <value>
                <![CDATA[browserstack]]>
              </value>
            </param>
            <param index="2">
              <value>
                <![CDATA[OS X]]>
              </value>
            </param>
            <param index="3">
              <value>
                <![CDATA[Sierra]]>
              </value>
            </param>
            <param index="4">
              <value>
                <![CDATA[chrome-options]]>
              </value>
            </param>
            <param index="5">
              <value>
                <![CDATA[30.0]]>
              </value>
            </param>
            <param index="6">
              <value>
                <![CDATA[https://www.amazon.com/]]>
              </value>
            </param>
          </params>
          <reporter-output>
          </reporter-output>
        </test-method> <!-- setUp -->
        <test-method status="PASS" signature="initialize()[pri:0, instance:testamazonpages.TestHomePageAmazon@15975490]" name="initialize" is-config="true" duration-ms="1" started-at="2019-03-24T07:27:42Z" finished-at="2019-03-24T07:27:42Z">
          <reporter-output>
          </reporter-output>
        </test-method> <!-- initialize -->
        <test-method status="PASS" signature="testSignInLink()[pri:0, instance:testamazonpages.TestHomePageAmazon@15975490]" name="testSignInLink" duration-ms="927" started-at="2019-03-24T07:27:42Z" description="sign in" finished-at="2019-03-24T07:27:43Z">
          <reporter-output>
          </reporter-output>
        </test-method> <!-- testSignInLink -->
        <test-method status="PASS" signature="cleanUp()[pri:0, instance:testamazonpages.TestHomePageAmazon@15975490]" name="cleanUp" is-config="true" duration-ms="147" started-at="2019-03-24T07:27:43Z" finished-at="2019-03-24T07:27:43Z">
          <reporter-output>
          </reporter-output>
        </test-method> <!-- cleanUp -->
        <test-method status="PASS" signature="setUp(boolean, java.lang.String, java.lang.String, java.lang.String, java.lang.String, java.lang.String, java.lang.String)[pri:0, instance:testamazonpages.TestHomePageAmazon@15975490]" name="setUp" is-config="true" duration-ms="4745" started-at="2019-03-24T07:27:43Z" finished-at="2019-03-24T07:27:48Z">
          <params>
            <param index="0">
              <value>
                <![CDATA[false]]>
              </value>
            </param>
            <param index="1">
              <value>
                <![CDATA[browserstack]]>
              </value>
            </param>
            <param index="2">
              <value>
                <![CDATA[OS X]]>
              </value>
            </param>
            <param index="3">
              <value>
                <![CDATA[Sierra]]>
              </value>
            </param>
            <param index="4">
              <value>
                <![CDATA[chrome-options]]>
              </value>
            </param>
            <param index="5">
              <value>
                <![CDATA[30.0]]>
              </value>
            </param>
            <param index="6">
              <value>
                <![CDATA[https://www.amazon.com/]]>
              </value>
            </param>
          </params>
          <reporter-output>
          </reporter-output>
        </test-method> <!-- setUp -->
        <test-method status="PASS" signature="initialize()[pri:0, instance:testamazonpages.TestHomePageAmazon@15975490]" name="initialize" is-config="true" duration-ms="2" started-at="2019-03-24T07:27:48Z" finished-at="2019-03-24T07:27:48Z">
          <reporter-output>
          </reporter-output>
        </test-method> <!-- initialize -->
        <test-method status="PASS" signature="testUpperRightLink()[pri:0, instance:testamazonpages.TestHomePageAmazon@15975490]" name="testUpperRightLink" duration-ms="1712" started-at="2019-03-24T07:27:48Z" description="top right link" finished-at="2019-03-24T07:27:50Z">
          <reporter-output>
          </reporter-output>
        </test-method> <!-- testUpperRightLink -->
        <test-method status="PASS" signature="cleanUp()[pri:0, instance:testamazonpages.TestHomePageAmazon@15975490]" name="cleanUp" is-config="true" duration-ms="104" started-at="2019-03-24T07:27:50Z" finished-at="2019-03-24T07:27:50Z">
          <reporter-output>
          </reporter-output>
        </test-method> <!-- cleanUp -->
        <test-method status="PASS" signature="setUp(boolean, java.lang.String, java.lang.String, java.lang.String, java.lang.String, java.lang.String, java.lang.String)[pri:0, instance:testamazonpages.TestHomePageAmazon@15975490]" name="setUp" is-config="true" duration-ms="5242" started-at="2019-03-24T07:27:50Z" finished-at="2019-03-24T07:27:55Z">
          <params>
            <param index="0">
              <value>
                <![CDATA[false]]>
              </value>
            </param>
            <param index="1">
              <value>
                <![CDATA[browserstack]]>
              </value>
            </param>
            <param index="2">
              <value>
                <![CDATA[OS X]]>
              </value>
            </param>
            <param index="3">
              <value>
                <![CDATA[Sierra]]>
              </value>
            </param>
            <param index="4">
              <value>
                <![CDATA[chrome-options]]>
              </value>
            </param>
            <param index="5">
              <value>
                <![CDATA[30.0]]>
              </value>
            </param>
            <param index="6">
              <value>
                <![CDATA[https://www.amazon.com/]]>
              </value>
            </param>
          </params>
          <reporter-output>
          </reporter-output>
        </test-method> <!-- setUp -->
        <test-method status="PASS" signature="initialize()[pri:0, instance:testamazonpages.TestHomePageAmazon@15975490]" name="initialize" is-config="true" duration-ms="4" started-at="2019-03-24T07:27:55Z" finished-at="2019-03-24T07:27:55Z">
          <reporter-output>
          </reporter-output>
        </test-method> <!-- initialize -->
        <test-method status="PASS" signature="testYourAccountLists()[pri:0, instance:testamazonpages.TestHomePageAmazon@15975490]" name="testYourAccountLists" duration-ms="5219" started-at="2019-03-24T07:27:55Z" description="your account" finished-at="2019-03-24T07:28:00Z">
          <reporter-output>
          </reporter-output>
        </test-method> <!-- testYourAccountLists -->
        <test-method status="PASS" signature="cleanUp()[pri:0, instance:testamazonpages.TestHomePageAmazon@15975490]" name="cleanUp" is-config="true" duration-ms="139" started-at="2019-03-24T07:28:00Z" finished-at="2019-03-24T07:28:00Z">
          <reporter-output>
          </reporter-output>
        </test-method> <!-- cleanUp -->
        <test-method status="PASS" signature="setUp(boolean, java.lang.String, java.lang.String, java.lang.String, java.lang.String, java.lang.String, java.lang.String)[pri:0, instance:testamazonpages.TestHomePageAmazon@15975490]" name="setUp" is-config="true" duration-ms="5202" started-at="2019-03-24T07:28:00Z" finished-at="2019-03-24T07:28:06Z">
          <params>
            <param index="0">
              <value>
                <![CDATA[false]]>
              </value>
            </param>
            <param index="1">
              <value>
                <![CDATA[browserstack]]>
              </value>
            </param>
            <param index="2">
              <value>
                <![CDATA[OS X]]>
              </value>
            </param>
            <param index="3">
              <value>
                <![CDATA[Sierra]]>
              </value>
            </param>
            <param index="4">
              <value>
                <![CDATA[chrome-options]]>
              </value>
            </param>
            <param index="5">
              <value>
                <![CDATA[30.0]]>
              </value>
            </param>
            <param index="6">
              <value>
                <![CDATA[https://www.amazon.com/]]>
              </value>
            </param>
          </params>
          <reporter-output>
          </reporter-output>
        </test-method> <!-- setUp -->
        <test-method status="PASS" signature="initialize()[pri:0, instance:testamazonpages.TestHomePageAmazon@15975490]" name="initialize" is-config="true" duration-ms="1" started-at="2019-03-24T07:28:06Z" finished-at="2019-03-24T07:28:06Z">
          <reporter-output>
          </reporter-output>
        </test-method> <!-- initialize -->
        <test-method status="PASS" signature="testYourLists()[pri:0, instance:testamazonpages.TestHomePageAmazon@15975490]" name="testYourLists" duration-ms="5157" started-at="2019-03-24T07:28:06Z" description="mouse hover your list link" finished-at="2019-03-24T07:28:11Z">
          <reporter-output>
          </reporter-output>
        </test-method> <!-- testYourLists -->
        <test-method status="PASS" signature="cleanUp()[pri:0, instance:testamazonpages.TestHomePageAmazon@15975490]" name="cleanUp" is-config="true" duration-ms="157" started-at="2019-03-24T07:28:11Z" finished-at="2019-03-24T07:28:11Z">
          <reporter-output>
          </reporter-output>
        </test-method> <!-- cleanUp -->
      </class> <!-- testamazonpages.TestHomePageAmazon -->
    </test> <!-- Amazon Home -->
  </suite> <!-- Amazon Automation Script  -->
</testng-results>
