<?xml version="1.0" encoding="UTF-8"?>
<testsuite xmlns:xsi="http://www.w3.org/2001/XMLSchema-instance" xsi:noNamespaceSchemaLocation="https://maven.apache.org/surefire/maven-surefire-plugin/xsd/surefire-test-report-3.0.xsd" version="3.0" name="TestSuite" time="518.676" tests="25" errors="0" skipped="0" failures="1">
  <properties>
[...]
</properties>
  <testcase name="testAdFeedbackWindow" classname="testamazonpages.TestHomePageAmazon" time="4.351"/>
  <testcase name="testAddToCart" classname="testamazonpages.TestHomePageAmazon" time="15.356"/>
  <testcase name="testCheckboxesInGiftCards" classname="testamazonpages.TestHomePageAmazon" time="24.25"/>
  <testcase name="testClickLangSettings" classname="testamazonpages.TestHomePageAmazon" time="15.648"/>
  <testcase name="testExaternalLinks" classname="testamazonpages.TestHomePageAmazon" time="125.726"/>
  <testcase name="testGetDropdownOptions" classname="testamazonpages.TestHomePageAmazon" time="1.189"/>
  <testcase name="testGetPrimePageTabs" classname="testamazonpages.TestHomePageAmazon" time="9.624"/>
  <testcase name="testIFrameExample" classname="testamazonpages.TestHomePageAmazon" time="2.375"/>
  <testcase name="testImagePresent" classname="testamazonpages.TestHomePageAmazon" time="0.254"/>
  <testcase name="testInternalLinks" classname="testamazonpages.TestHomePageAmazon" time="103.794"/>
  <testcase name="testInvalidAccountSignIn" classname="testamazonpages.TestHomePageAmazon" time="4.626"/>
  <testcase name="testInvalidAccountSignIn" classname="testamazonpages.TestHomePageAmazon" time="4.603"/>
  <testcase name="testNavigation" classname="testamazonpages.TestHomePageAmazon" time="3.877"/>
  <testcase name="testPrimeLink" classname="testamazonpages.TestHomePageAmazon" time="5.705"/>
  <testcase name="testPrimePageTable" classname="testamazonpages.TestHomePageAmazon" time="31.881"/>
  <testcase name="testSearchButton" classname="testamazonpages.TestHomePageAmazon" time="3.466"/>
  <testcase name="testSearchForItems" classname="testamazonpages.TestHomePageAmazon" time="4.687"/>
  <testcase name="testSearchForItemsMongo" classname="testamazonpages.TestHomePageAmazon" time="0.355"/>
  <testcase name="testSearchItemsSql" classname="testamazonpages.TestHomePageAmazon" time="0.376">
    <failure type="java.lang.NullPointerException">java.lang.NullPointerException
	at testamazonpages.TestHomePageAmazon.testSearchItemsSql(TestHomePageAmazon.java:60)
</failure>
    <system-err><![CDATA[Starting ChromeDriver 2.46.628411 (3324f4c8be9ff2f70a05a30ebc72ffb013e1a71e) on port 45356
Only local connections are allowed.
Please protect ports used by ChromeDriver and related test frameworks to prevent access by malicious code.
Mar 24, 2019 3:27:17 AM org.openqa.selenium.remote.ProtocolHandshake createSession
INFO: Detected dialect: OSS
java.sql.SQLException: Access denied for user 'root'@'localhost' (using password: YES)
	at com.mysql.cj.jdbc.exceptions.SQLError.createSQLException(SQLError.java:129)
	at com.mysql.cj.jdbc.exceptions.SQLError.createSQLException(SQLError.java:97)
	at com.mysql.cj.jdbc.exceptions.SQLExceptionsMapping.translateException(SQLExceptionsMapping.java:122)
	at com.mysql.cj.jdbc.ConnectionImpl.createNewIO(ConnectionImpl.java:835)
	at com.mysql.cj.jdbc.ConnectionImpl.<init>(ConnectionImpl.java:455)
	at com.mysql.cj.jdbc.ConnectionImpl.getInstance(ConnectionImpl.java:240)
	at com.mysql.cj.jdbc.NonRegisteringDriver.connect(NonRegisteringDriver.java:199)
	at java.sql.DriverManager.getConnection(DriverManager.java:664)
	at java.sql.DriverManager.getConnection(DriverManager.java:247)
	at databases.ConnectToSqlDB.connectToSqlDatabase(ConnectToSqlDB.java:32)
	at databases.ConnectToSqlDB.readDataBase(ConnectToSqlDB.java:40)
	at datasource.MySqlData.getItemsListFromDB(MySqlData.java:16)
	at testamazonpages.TestHomePageAmazon.testSearchItemsSql(TestHomePageAmazon.java:56)
	at sun.reflect.NativeMethodAccessorImpl.invoke0(Native Method)
	at sun.reflect.NativeMethodAccessorImpl.invoke(NativeMethodAccessorImpl.java:62)
	at sun.reflect.DelegatingMethodAccessorImpl.invoke(DelegatingMethodAccessorImpl.java:43)
	at java.lang.reflect.Method.invoke(Method.java:498)
	at org.testng.internal.MethodInvocationHelper.invokeMethod(MethodInvocationHelper.java:124)
	at org.testng.internal.Invoker.invokeMethod(Invoker.java:583)
	at org.testng.internal.Invoker.invokeTestMethod(Invoker.java:719)
	at org.testng.internal.Invoker.invokeTestMethods(Invoker.java:989)
	at org.testng.internal.TestMethodWorker.invokeTestMethods(TestMethodWorker.java:125)
	at org.testng.internal.TestMethodWorker.run(TestMethodWorker.java:109)
	at org.testng.TestRunner.privateRun(TestRunner.java:648)
	at org.testng.TestRunner.run(TestRunner.java:505)
	at org.testng.SuiteRunner.runTest(SuiteRunner.java:455)
	at org.testng.SuiteRunner.runSequentially(SuiteRunner.java:450)
	at org.testng.SuiteRunner.privateRun(SuiteRunner.java:415)
	at org.testng.SuiteRunner.run(SuiteRunner.java:364)
	at org.testng.SuiteRunnerWorker.runSuite(SuiteRunnerWorker.java:52)
	at org.testng.SuiteRunnerWorker.run(SuiteRunnerWorker.java:84)
	at org.testng.TestNG.runSuitesSequentially(TestNG.java:1208)
	at org.testng.TestNG.runSuitesLocally(TestNG.java:1137)
	at org.testng.TestNG.runSuites(TestNG.java:1049)
	at org.testng.TestNG.run(TestNG.java:1017)
	at org.apache.maven.surefire.testng.TestNGExecutor.run(TestNGExecutor.java:283)
	at org.apache.maven.surefire.testng.TestNGXmlTestSuite.execute(TestNGXmlTestSuite.java:75)
	at org.apache.maven.surefire.testng.TestNGProvider.invoke(TestNGProvider.java:120)
	at org.apache.maven.surefire.booter.ForkedBooter.invokeProviderInSameClassLoader(ForkedBooter.java:384)
	at org.apache.maven.surefire.booter.ForkedBooter.runSuitesInProcess(ForkedBooter.java:345)
	at org.apache.maven.surefire.booter.ForkedBooter.execute(ForkedBooter.java:126)
	at org.apache.maven.surefire.booter.ForkedBooter.main(ForkedBooter.java:418)
]]></system-err>
  </testcase>
  <testcase name="testSearchResults" classname="testamazonpages.TestHomePageAmazon" time="2.497"/>
  <testcase name="testSetDropdown" classname="testamazonpages.TestHomePageAmazon" time="2.819"/>
  <testcase name="testSignInLink" classname="testamazonpages.TestHomePageAmazon" time="0.927"/>
  <testcase name="testUpperRightLink" classname="testamazonpages.TestHomePageAmazon" time="1.712"/>
  <testcase name="testYourAccountLists" classname="testamazonpages.TestHomePageAmazon" time="5.219"/>
  <testcase name="testYourLists" classname="testamazonpages.TestHomePageAmazon" time="5.158"/>
</testsuite>