-------------------------------------------------------------------------------
Test set: TestSuite
-------------------------------------------------------------------------------
Tests run: 25, Failures: 1, Errors: 0, Skipped: 0, Time elapsed: 518.676 s <<< FAILURE! - in TestSuite
testSearchItemsSql(testamazonpages.TestHomePageAmazon)  Time elapsed: 0.376 s  <<< FAILURE!
java.lang.NullPointerException
	at testamazonpages.TestHomePageAmazon.testSearchItemsSql(TestHomePageAmazon.java:60)

