<?xml version="1.0" encoding="UTF-8"?>
<testng-results skipped="0" failed="2" ignored="0" total="12" passed="10">
  <reporter-output>
  </reporter-output>
  <suite name="Al Jazeera Automation Script" duration-ms="451398" started-at="2019-03-24T07:36:01Z" finished-at="2019-03-24T07:43:32Z">
    <groups>
    </groups>
    <test name="Al Jazeera Home" duration-ms="451398" started-at="2019-03-24T07:36:01Z" finished-at="2019-03-24T07:43:32Z">
      <class name="testhomepage.testmenubar.testdropdowns.TestNews">
        <test-method status="PASS" signature="setUp(boolean, java.lang.String, java.lang.String, java.lang.String, java.lang.String, java.lang.String, java.lang.String)[pri:0, instance:testhomepage.testmenubar.testdropdowns.TestNews@52af6cff]" name="setUp" is-config="true" duration-ms="4373" started-at="2019-03-24T07:42:39Z" finished-at="2019-03-24T07:42:43Z">
          <params>
            <param index="0">
              <value>
                <![CDATA[false]]>
              </value>
            </param>
            <param index="1">
              <value>
                <![CDATA[browserstack]]>
              </value>
            </param>
            <param index="2">
              <value>
                <![CDATA[OS X]]>
              </value>
            </param>
            <param index="3">
              <value>
                <![CDATA[Sierra]]>
              </value>
            </param>
            <param index="4">
              <value>
                <![CDATA[chrome]]>
              </value>
            </param>
            <param index="5">
              <value>
                <![CDATA[30.0]]>
              </value>
            </param>
            <param index="6">
              <value>
                <![CDATA[https://www.aljazeera.com/]]>
              </value>
            </param>
          </params>
          <reporter-output>
          </reporter-output>
        </test-method> <!-- setUp -->
        <test-method status="PASS" signature="init()[pri:0, instance:testhomepage.testmenubar.testdropdowns.TestNews@52af6cff]" name="init" is-config="true" duration-ms="4" started-at="2019-03-24T07:42:43Z" finished-at="2019-03-24T07:42:43Z">
          <reporter-output>
          </reporter-output>
        </test-method> <!-- init -->
        <test-method status="PASS" signature="checkEachDropdownLink()[pri:0, instance:testhomepage.testmenubar.testdropdowns.TestNews@52af6cff]" name="checkEachDropdownLink" duration-ms="42691" started-at="2019-03-24T07:42:43Z" description="Test #41" finished-at="2019-03-24T07:43:26Z">
          <reporter-output>
          </reporter-output>
        </test-method> <!-- checkEachDropdownLink -->
        <test-method status="PASS" signature="cleanUp()[pri:0, instance:testhomepage.testmenubar.testdropdowns.TestNews@52af6cff]" name="cleanUp" is-config="true" duration-ms="152" started-at="2019-03-24T07:43:26Z" finished-at="2019-03-24T07:43:26Z">
          <reporter-output>
          </reporter-output>
        </test-method> <!-- cleanUp -->
        <test-method status="PASS" signature="setUp(boolean, java.lang.String, java.lang.String, java.lang.String, java.lang.String, java.lang.String, java.lang.String)[pri:0, instance:testhomepage.testmenubar.testdropdowns.TestNews@52af6cff]" name="setUp" is-config="true" duration-ms="4598" started-at="2019-03-24T07:43:26Z" finished-at="2019-03-24T07:43:31Z">
          <params>
            <param index="0">
              <value>
                <![CDATA[false]]>
              </value>
            </param>
            <param index="1">
              <value>
                <![CDATA[browserstack]]>
              </value>
            </param>
            <param index="2">
              <value>
                <![CDATA[OS X]]>
              </value>
            </param>
            <param index="3">
              <value>
                <![CDATA[Sierra]]>
              </value>
            </param>
            <param index="4">
              <value>
                <![CDATA[chrome]]>
              </value>
            </param>
            <param index="5">
              <value>
                <![CDATA[30.0]]>
              </value>
            </param>
            <param index="6">
              <value>
                <![CDATA[https://www.aljazeera.com/]]>
              </value>
            </param>
          </params>
          <reporter-output>
          </reporter-output>
        </test-method> <!-- setUp -->
        <test-method status="PASS" signature="init()[pri:0, instance:testhomepage.testmenubar.testdropdowns.TestNews@52af6cff]" name="init" is-config="true" duration-ms="2" started-at="2019-03-24T07:43:31Z" finished-at="2019-03-24T07:43:31Z">
          <reporter-output>
          </reporter-output>
        </test-method> <!-- init -->
        <test-method status="PASS" signature="checkIfDropdownIsVisible()[pri:0, instance:testhomepage.testmenubar.testdropdowns.TestNews@52af6cff]" name="checkIfDropdownIsVisible" duration-ms="1456" started-at="2019-03-24T07:43:31Z" description="Test #40" finished-at="2019-03-24T07:43:32Z">
          <reporter-output>
          </reporter-output>
        </test-method> <!-- checkIfDropdownIsVisible -->
        <test-method status="PASS" signature="cleanUp()[pri:0, instance:testhomepage.testmenubar.testdropdowns.TestNews@52af6cff]" name="cleanUp" is-config="true" duration-ms="194" started-at="2019-03-24T07:43:32Z" finished-at="2019-03-24T07:43:32Z">
          <reporter-output>
          </reporter-output>
        </test-method> <!-- cleanUp -->
      </class> <!-- testhomepage.testmenubar.testdropdowns.TestNews -->
      <class name="testhomepage.testmenubar.TestMenuLinks">
        <test-method status="PASS" signature="setUp(boolean, java.lang.String, java.lang.String, java.lang.String, java.lang.String, java.lang.String, java.lang.String)[pri:0, instance:testhomepage.testmenubar.TestMenuLinks@5a61f5df]" name="setUp" is-config="true" duration-ms="6727" started-at="2019-03-24T07:36:01Z" finished-at="2019-03-24T07:36:08Z">
          <params>
            <param index="0">
              <value>
                <![CDATA[false]]>
              </value>
            </param>
            <param index="1">
              <value>
                <![CDATA[browserstack]]>
              </value>
            </param>
            <param index="2">
              <value>
                <![CDATA[OS X]]>
              </value>
            </param>
            <param index="3">
              <value>
                <![CDATA[Sierra]]>
              </value>
            </param>
            <param index="4">
              <value>
                <![CDATA[chrome]]>
              </value>
            </param>
            <param index="5">
              <value>
                <![CDATA[30.0]]>
              </value>
            </param>
            <param index="6">
              <value>
                <![CDATA[https://www.aljazeera.com/]]>
              </value>
            </param>
          </params>
          <reporter-output>
          </reporter-output>
        </test-method> <!-- setUp -->
        <test-method status="PASS" signature="init()[pri:0, instance:testhomepage.testmenubar.TestMenuLinks@5a61f5df]" name="init" is-config="true" duration-ms="47" started-at="2019-03-24T07:36:08Z" finished-at="2019-03-24T07:36:08Z">
          <reporter-output>
          </reporter-output>
        </test-method> <!-- init -->
        <test-method status="PASS" signature="checkMenuLinksWithDropdowns()[pri:0, instance:testhomepage.testmenubar.TestMenuLinks@5a61f5df]" name="checkMenuLinksWithDropdowns" duration-ms="14452" started-at="2019-03-24T07:36:08Z" description="Test#11-#14" finished-at="2019-03-24T07:36:22Z">
          <reporter-output>
          </reporter-output>
        </test-method> <!-- checkMenuLinksWithDropdowns -->
        <test-method status="PASS" signature="cleanUp()[pri:0, instance:testhomepage.testmenubar.TestMenuLinks@5a61f5df]" name="cleanUp" is-config="true" duration-ms="283" started-at="2019-03-24T07:36:22Z" finished-at="2019-03-24T07:36:22Z">
          <reporter-output>
          </reporter-output>
        </test-method> <!-- cleanUp -->
        <test-method status="PASS" signature="setUp(boolean, java.lang.String, java.lang.String, java.lang.String, java.lang.String, java.lang.String, java.lang.String)[pri:0, instance:testhomepage.testmenubar.TestMenuLinks@5a61f5df]" name="setUp" is-config="true" duration-ms="4546" started-at="2019-03-24T07:36:22Z" finished-at="2019-03-24T07:36:27Z">
          <params>
            <param index="0">
              <value>
                <![CDATA[false]]>
              </value>
            </param>
            <param index="1">
              <value>
                <![CDATA[browserstack]]>
              </value>
            </param>
            <param index="2">
              <value>
                <![CDATA[OS X]]>
              </value>
            </param>
            <param index="3">
              <value>
                <![CDATA[Sierra]]>
              </value>
            </param>
            <param index="4">
              <value>
                <![CDATA[chrome]]>
              </value>
            </param>
            <param index="5">
              <value>
                <![CDATA[30.0]]>
              </value>
            </param>
            <param index="6">
              <value>
                <![CDATA[https://www.aljazeera.com/]]>
              </value>
            </param>
          </params>
          <reporter-output>
          </reporter-output>
        </test-method> <!-- setUp -->
        <test-method status="PASS" signature="init()[pri:0, instance:testhomepage.testmenubar.TestMenuLinks@5a61f5df]" name="init" is-config="true" duration-ms="4" started-at="2019-03-24T07:36:27Z" finished-at="2019-03-24T07:36:27Z">
          <reporter-output>
          </reporter-output>
        </test-method> <!-- init -->
        <test-method status="PASS" signature="clickAllMenuLinks()[pri:0, instance:testhomepage.testmenubar.TestMenuLinks@5a61f5df]" name="clickAllMenuLinks" duration-ms="21084" started-at="2019-03-24T07:36:27Z" description="Test #2" finished-at="2019-03-24T07:36:48Z">
          <reporter-output>
          </reporter-output>
        </test-method> <!-- clickAllMenuLinks -->
        <test-method status="PASS" signature="cleanUp()[pri:0, instance:testhomepage.testmenubar.TestMenuLinks@5a61f5df]" name="cleanUp" is-config="true" duration-ms="289" started-at="2019-03-24T07:36:48Z" finished-at="2019-03-24T07:36:48Z">
          <reporter-output>
          </reporter-output>
        </test-method> <!-- cleanUp -->
        <test-method status="PASS" signature="setUp(boolean, java.lang.String, java.lang.String, java.lang.String, java.lang.String, java.lang.String, java.lang.String)[pri:0, instance:testhomepage.testmenubar.TestMenuLinks@5a61f5df]" name="setUp" is-config="true" duration-ms="7824" started-at="2019-03-24T07:36:48Z" finished-at="2019-03-24T07:36:56Z">
          <params>
            <param index="0">
              <value>
                <![CDATA[false]]>
              </value>
            </param>
            <param index="1">
              <value>
                <![CDATA[browserstack]]>
              </value>
            </param>
            <param index="2">
              <value>
                <![CDATA[OS X]]>
              </value>
            </param>
            <param index="3">
              <value>
                <![CDATA[Sierra]]>
              </value>
            </param>
            <param index="4">
              <value>
                <![CDATA[chrome]]>
              </value>
            </param>
            <param index="5">
              <value>
                <![CDATA[30.0]]>
              </value>
            </param>
            <param index="6">
              <value>
                <![CDATA[https://www.aljazeera.com/]]>
              </value>
            </param>
          </params>
          <reporter-output>
          </reporter-output>
        </test-method> <!-- setUp -->
        <test-method status="PASS" signature="init()[pri:0, instance:testhomepage.testmenubar.TestMenuLinks@5a61f5df]" name="init" is-config="true" duration-ms="1" started-at="2019-03-24T07:36:56Z" finished-at="2019-03-24T07:36:56Z">
          <reporter-output>
          </reporter-output>
        </test-method> <!-- init -->
        <test-method status="FAIL" signature="clickAndCheckTitleOfMenuLinks()[pri:0, instance:testhomepage.testmenubar.TestMenuLinks@5a61f5df]" name="clickAndCheckTitleOfMenuLinks" duration-ms="8503" started-at="2019-03-24T07:36:56Z" description="Test #3-10" finished-at="2019-03-24T07:37:05Z">
          <exception class="java.lang.AssertionError">
            <message>
              <![CDATA[expected [Breaking News, World News and Video from Al Jazeera] but found [Investigations - Al Jazeera English]]]>
            </message>
            <full-stacktrace>
              <![CDATA[java.lang.AssertionError: expected [Breaking News, World News and Video from Al Jazeera] but found [Investigations - Al Jazeera English]
at org.testng.Assert.fail(Assert.java:96)
at org.testng.Assert.failNotEquals(Assert.java:776)
at org.testng.Assert.assertEqualsImpl(Assert.java:137)
at org.testng.Assert.assertEquals(Assert.java:118)
at org.testng.Assert.assertEquals(Assert.java:453)
at org.testng.Assert.assertEquals(Assert.java:463)
at testhomepage.testmenubar.TestMenuLinks.clickAndCheckTitleOfMenuLinks(TestMenuLinks.java:53)
at sun.reflect.NativeMethodAccessorImpl.invoke0(Native Method)
at sun.reflect.NativeMethodAccessorImpl.invoke(NativeMethodAccessorImpl.java:62)
at sun.reflect.DelegatingMethodAccessorImpl.invoke(DelegatingMethodAccessorImpl.java:43)
at java.lang.reflect.Method.invoke(Method.java:498)
at org.testng.internal.MethodInvocationHelper.invokeMethod(MethodInvocationHelper.java:124)
at org.testng.internal.Invoker.invokeMethod(Invoker.java:583)
at org.testng.internal.Invoker.invokeTestMethod(Invoker.java:719)
at org.testng.internal.Invoker.invokeTestMethods(Invoker.java:989)
at org.testng.internal.TestMethodWorker.invokeTestMethods(TestMethodWorker.java:125)
at org.testng.internal.TestMethodWorker.run(TestMethodWorker.java:109)
at org.testng.TestRunner.privateRun(TestRunner.java:648)
at org.testng.TestRunner.run(TestRunner.java:505)
at org.testng.SuiteRunner.runTest(SuiteRunner.java:455)
at org.testng.SuiteRunner.runSequentially(SuiteRunner.java:450)
at org.testng.SuiteRunner.privateRun(SuiteRunner.java:415)
at org.testng.SuiteRunner.run(SuiteRunner.java:364)
at org.testng.SuiteRunnerWorker.runSuite(SuiteRunnerWorker.java:52)
at org.testng.SuiteRunnerWorker.run(SuiteRunnerWorker.java:84)
at org.testng.TestNG.runSuitesSequentially(TestNG.java:1208)
at org.testng.TestNG.runSuitesLocally(TestNG.java:1137)
at org.testng.TestNG.runSuites(TestNG.java:1049)
at org.testng.TestNG.run(TestNG.java:1017)
at org.apache.maven.surefire.testng.TestNGExecutor.run(TestNGExecutor.java:283)
at org.apache.maven.surefire.testng.TestNGXmlTestSuite.execute(TestNGXmlTestSuite.java:75)
at org.apache.maven.surefire.testng.TestNGProvider.invoke(TestNGProvider.java:120)
at org.apache.maven.surefire.booter.ForkedBooter.invokeProviderInSameClassLoader(ForkedBooter.java:384)
at org.apache.maven.surefire.booter.ForkedBooter.runSuitesInProcess(ForkedBooter.java:345)
at org.apache.maven.surefire.booter.ForkedBooter.execute(ForkedBooter.java:126)
at org.apache.maven.surefire.booter.ForkedBooter.main(ForkedBooter.java:418)
]]>
            </full-stacktrace>
          </exception> <!-- java.lang.AssertionError -->
          <reporter-output>
          </reporter-output>
        </test-method> <!-- clickAndCheckTitleOfMenuLinks -->
        <test-method status="PASS" signature="cleanUp()[pri:0, instance:testhomepage.testmenubar.TestMenuLinks@5a61f5df]" name="cleanUp" is-config="true" duration-ms="172" started-at="2019-03-24T07:37:05Z" finished-at="2019-03-24T07:37:05Z">
          <reporter-output>
          </reporter-output>
        </test-method> <!-- cleanUp -->
        <test-method status="PASS" signature="setUp(boolean, java.lang.String, java.lang.String, java.lang.String, java.lang.String, java.lang.String, java.lang.String)[pri:0, instance:testhomepage.testmenubar.TestMenuLinks@5a61f5df]" name="setUp" is-config="true" duration-ms="4777" started-at="2019-03-24T07:37:05Z" finished-at="2019-03-24T07:37:10Z">
          <params>
            <param index="0">
              <value>
                <![CDATA[false]]>
              </value>
            </param>
            <param index="1">
              <value>
                <![CDATA[browserstack]]>
              </value>
            </param>
            <param index="2">
              <value>
                <![CDATA[OS X]]>
              </value>
            </param>
            <param index="3">
              <value>
                <![CDATA[Sierra]]>
              </value>
            </param>
            <param index="4">
              <value>
                <![CDATA[chrome]]>
              </value>
            </param>
            <param index="5">
              <value>
                <![CDATA[30.0]]>
              </value>
            </param>
            <param index="6">
              <value>
                <![CDATA[https://www.aljazeera.com/]]>
              </value>
            </param>
          </params>
          <reporter-output>
          </reporter-output>
        </test-method> <!-- setUp -->
        <test-method status="PASS" signature="testHomeTitle()[pri:0, instance:testhomepage.testmenubar.TestMenuLinks@5a61f5df]" name="testHomeTitle" duration-ms="63" started-at="2019-03-24T07:37:10Z" description="Test #1" finished-at="2019-03-24T07:37:10Z">
          <reporter-output>
          </reporter-output>
        </test-method> <!-- testHomeTitle -->
        <test-method status="PASS" signature="init()[pri:0, instance:testhomepage.testmenubar.TestMenuLinks@5a61f5df]" name="init" is-config="true" duration-ms="0" started-at="2019-03-24T07:37:10Z" finished-at="2019-03-24T07:37:10Z">
          <reporter-output>
          </reporter-output>
        </test-method> <!-- init -->
        <test-method status="PASS" signature="cleanUp()[pri:0, instance:testhomepage.testmenubar.TestMenuLinks@5a61f5df]" name="cleanUp" is-config="true" duration-ms="131" started-at="2019-03-24T07:37:10Z" finished-at="2019-03-24T07:37:10Z">
          <reporter-output>
          </reporter-output>
        </test-method> <!-- cleanUp -->
      </class> <!-- testhomepage.testmenubar.TestMenuLinks -->
      <class name="testhomepage.testmenubar.TestSearchBar">
        <test-method status="PASS" signature="setUp(boolean, java.lang.String, java.lang.String, java.lang.String, java.lang.String, java.lang.String, java.lang.String)[pri:0, instance:testhomepage.testmenubar.TestSearchBar@3551a94]" name="setUp" is-config="true" duration-ms="4200" started-at="2019-03-24T07:37:10Z" finished-at="2019-03-24T07:37:14Z">
          <params>
            <param index="0">
              <value>
                <![CDATA[false]]>
              </value>
            </param>
            <param index="1">
              <value>
                <![CDATA[browserstack]]>
              </value>
            </param>
            <param index="2">
              <value>
                <![CDATA[OS X]]>
              </value>
            </param>
            <param index="3">
              <value>
                <![CDATA[Sierra]]>
              </value>
            </param>
            <param index="4">
              <value>
                <![CDATA[chrome]]>
              </value>
            </param>
            <param index="5">
              <value>
                <![CDATA[30.0]]>
              </value>
            </param>
            <param index="6">
              <value>
                <![CDATA[https://www.aljazeera.com/]]>
              </value>
            </param>
          </params>
          <reporter-output>
          </reporter-output>
        </test-method> <!-- setUp -->
        <test-method status="PASS" signature="init()[pri:0, instance:testhomepage.testmenubar.TestSearchBar@3551a94]" name="init" is-config="true" duration-ms="2" started-at="2019-03-24T07:37:14Z" finished-at="2019-03-24T07:37:14Z">
          <reporter-output>
          </reporter-output>
        </test-method> <!-- init -->
        <test-method status="PASS" signature="testClickOnSearchButton()[pri:0, instance:testhomepage.testmenubar.TestSearchBar@3551a94]" name="testClickOnSearchButton" duration-ms="112" started-at="2019-03-24T07:37:14Z" description="Test #15" finished-at="2019-03-24T07:37:14Z">
          <reporter-output>
          </reporter-output>
        </test-method> <!-- testClickOnSearchButton -->
        <test-method status="PASS" signature="cleanUp()[pri:0, instance:testhomepage.testmenubar.TestSearchBar@3551a94]" name="cleanUp" is-config="true" duration-ms="151" started-at="2019-03-24T07:37:14Z" finished-at="2019-03-24T07:37:14Z">
          <reporter-output>
          </reporter-output>
        </test-method> <!-- cleanUp -->
        <test-method status="PASS" signature="setUp(boolean, java.lang.String, java.lang.String, java.lang.String, java.lang.String, java.lang.String, java.lang.String)[pri:0, instance:testhomepage.testmenubar.TestSearchBar@3551a94]" name="setUp" is-config="true" duration-ms="4025" started-at="2019-03-24T07:37:14Z" finished-at="2019-03-24T07:37:18Z">
          <params>
            <param index="0">
              <value>
                <![CDATA[false]]>
              </value>
            </param>
            <param index="1">
              <value>
                <![CDATA[browserstack]]>
              </value>
            </param>
            <param index="2">
              <value>
                <![CDATA[OS X]]>
              </value>
            </param>
            <param index="3">
              <value>
                <![CDATA[Sierra]]>
              </value>
            </param>
            <param index="4">
              <value>
                <![CDATA[chrome]]>
              </value>
            </param>
            <param index="5">
              <value>
                <![CDATA[30.0]]>
              </value>
            </param>
            <param index="6">
              <value>
                <![CDATA[https://www.aljazeera.com/]]>
              </value>
            </param>
          </params>
          <reporter-output>
          </reporter-output>
        </test-method> <!-- setUp -->
        <test-method status="PASS" signature="init()[pri:0, instance:testhomepage.testmenubar.TestSearchBar@3551a94]" name="init" is-config="true" duration-ms="1" started-at="2019-03-24T07:37:18Z" finished-at="2019-03-24T07:37:18Z">
          <reporter-output>
          </reporter-output>
        </test-method> <!-- init -->
        <test-method status="PASS" signature="testSearch()[pri:0, instance:testhomepage.testmenubar.TestSearchBar@3551a94]" name="testSearch" duration-ms="4450" started-at="2019-03-24T07:37:18Z" description="Test #16-#23" finished-at="2019-03-24T07:37:23Z">
          <reporter-output>
          </reporter-output>
        </test-method> <!-- testSearch -->
        <test-method status="PASS" signature="cleanUp()[pri:0, instance:testhomepage.testmenubar.TestSearchBar@3551a94]" name="cleanUp" is-config="true" duration-ms="225" started-at="2019-03-24T07:37:23Z" finished-at="2019-03-24T07:37:23Z">
          <reporter-output>
          </reporter-output>
        </test-method> <!-- cleanUp -->
        <test-method status="PASS" signature="setUp(boolean, java.lang.String, java.lang.String, java.lang.String, java.lang.String, java.lang.String, java.lang.String)[pri:0, instance:testhomepage.testmenubar.TestSearchBar@3551a94]" name="setUp" is-config="true" duration-ms="12108" started-at="2019-03-24T07:37:23Z" finished-at="2019-03-24T07:37:35Z">
          <params>
            <param index="0">
              <value>
                <![CDATA[false]]>
              </value>
            </param>
            <param index="1">
              <value>
                <![CDATA[browserstack]]>
              </value>
            </param>
            <param index="2">
              <value>
                <![CDATA[OS X]]>
              </value>
            </param>
            <param index="3">
              <value>
                <![CDATA[Sierra]]>
              </value>
            </param>
            <param index="4">
              <value>
                <![CDATA[chrome]]>
              </value>
            </param>
            <param index="5">
              <value>
                <![CDATA[30.0]]>
              </value>
            </param>
            <param index="6">
              <value>
                <![CDATA[https://www.aljazeera.com/]]>
              </value>
            </param>
          </params>
          <reporter-output>
          </reporter-output>
        </test-method> <!-- setUp -->
        <test-method status="PASS" signature="init()[pri:0, instance:testhomepage.testmenubar.TestSearchBar@3551a94]" name="init" is-config="true" duration-ms="1" started-at="2019-03-24T07:37:35Z" finished-at="2019-03-24T07:37:35Z">
          <reporter-output>
          </reporter-output>
        </test-method> <!-- init -->
        <test-method status="PASS" signature="testSearchAndEnter()[pri:0, instance:testhomepage.testmenubar.TestSearchBar@3551a94]" name="testSearchAndEnter" duration-ms="34341" started-at="2019-03-24T07:37:35Z" description="Test #24" finished-at="2019-03-24T07:38:09Z">
          <reporter-output>
          </reporter-output>
        </test-method> <!-- testSearchAndEnter -->
        <test-method status="PASS" signature="cleanUp()[pri:0, instance:testhomepage.testmenubar.TestSearchBar@3551a94]" name="cleanUp" is-config="true" duration-ms="626" started-at="2019-03-24T07:38:09Z" finished-at="2019-03-24T07:38:10Z">
          <reporter-output>
          </reporter-output>
        </test-method> <!-- cleanUp -->
      </class> <!-- testhomepage.testmenubar.TestSearchBar -->
      <class name="testhomepage.testmenubar.TestTrending">
        <test-method status="PASS" signature="setUp(boolean, java.lang.String, java.lang.String, java.lang.String, java.lang.String, java.lang.String, java.lang.String)[pri:0, instance:testhomepage.testmenubar.TestTrending@531be3c5]" name="setUp" is-config="true" duration-ms="14023" started-at="2019-03-24T07:38:10Z" finished-at="2019-03-24T07:38:24Z">
          <params>
            <param index="0">
              <value>
                <![CDATA[false]]>
              </value>
            </param>
            <param index="1">
              <value>
                <![CDATA[browserstack]]>
              </value>
            </param>
            <param index="2">
              <value>
                <![CDATA[OS X]]>
              </value>
            </param>
            <param index="3">
              <value>
                <![CDATA[Sierra]]>
              </value>
            </param>
            <param index="4">
              <value>
                <![CDATA[chrome]]>
              </value>
            </param>
            <param index="5">
              <value>
                <![CDATA[30.0]]>
              </value>
            </param>
            <param index="6">
              <value>
                <![CDATA[https://www.aljazeera.com/]]>
              </value>
            </param>
          </params>
          <reporter-output>
          </reporter-output>
        </test-method> <!-- setUp -->
        <test-method status="PASS" signature="init()[pri:0, instance:testhomepage.testmenubar.TestTrending@531be3c5]" name="init" is-config="true" duration-ms="3" started-at="2019-03-24T07:38:24Z" finished-at="2019-03-24T07:38:24Z">
          <reporter-output>
          </reporter-output>
        </test-method> <!-- init -->
        <test-method status="FAIL" signature="checkPageTitleOfTrendingLinks()[pri:0, instance:testhomepage.testmenubar.TestTrending@531be3c5]" name="checkPageTitleOfTrendingLinks" duration-ms="76277" started-at="2019-03-24T07:38:24Z" description="Test #30-34" finished-at="2019-03-24T07:39:40Z">
          <exception class="java.lang.AssertionError">
            <message>
              <![CDATA[expected [Brazil News - Top stories from Al Jazeera] but found [Mozambique News - Top stories from Al Jazeera]]]>
            </message>
            <full-stacktrace>
              <![CDATA[java.lang.AssertionError: expected [Brazil News - Top stories from Al Jazeera] but found [Mozambique News - Top stories from Al Jazeera]
at org.testng.Assert.fail(Assert.java:96)
at org.testng.Assert.failNotEquals(Assert.java:776)
at org.testng.Assert.assertEqualsImpl(Assert.java:137)
at org.testng.Assert.assertEquals(Assert.java:118)
at org.testng.Assert.assertEquals(Assert.java:453)
at org.testng.Assert.assertEquals(Assert.java:463)
at testhomepage.testmenubar.TestTrending.checkPageTitleOfTrendingLinks(TestTrending.java:49)
at sun.reflect.NativeMethodAccessorImpl.invoke0(Native Method)
at sun.reflect.NativeMethodAccessorImpl.invoke(NativeMethodAccessorImpl.java:62)
at sun.reflect.DelegatingMethodAccessorImpl.invoke(DelegatingMethodAccessorImpl.java:43)
at java.lang.reflect.Method.invoke(Method.java:498)
at org.testng.internal.MethodInvocationHelper.invokeMethod(MethodInvocationHelper.java:124)
at org.testng.internal.Invoker.invokeMethod(Invoker.java:583)
at org.testng.internal.Invoker.invokeTestMethod(Invoker.java:719)
at org.testng.internal.Invoker.invokeTestMethods(Invoker.java:989)
at org.testng.internal.TestMethodWorker.invokeTestMethods(TestMethodWorker.java:125)
at org.testng.internal.TestMethodWorker.run(TestMethodWorker.java:109)
at org.testng.TestRunner.privateRun(TestRunner.java:648)
at org.testng.TestRunner.run(TestRunner.java:505)
at org.testng.SuiteRunner.runTest(SuiteRunner.java:455)
at org.testng.SuiteRunner.runSequentially(SuiteRunner.java:450)
at org.testng.SuiteRunner.privateRun(SuiteRunner.java:415)
at org.testng.SuiteRunner.run(SuiteRunner.java:364)
at org.testng.SuiteRunnerWorker.runSuite(SuiteRunnerWorker.java:52)
at org.testng.SuiteRunnerWorker.run(SuiteRunnerWorker.java:84)
at org.testng.TestNG.runSuitesSequentially(TestNG.java:1208)
at org.testng.TestNG.runSuitesLocally(TestNG.java:1137)
at org.testng.TestNG.runSuites(TestNG.java:1049)
at org.testng.TestNG.run(TestNG.java:1017)
at org.apache.maven.surefire.testng.TestNGExecutor.run(TestNGExecutor.java:283)
at org.apache.maven.surefire.testng.TestNGXmlTestSuite.execute(TestNGXmlTestSuite.java:75)
at org.apache.maven.surefire.testng.TestNGProvider.invoke(TestNGProvider.java:120)
at org.apache.maven.surefire.booter.ForkedBooter.invokeProviderInSameClassLoader(ForkedBooter.java:384)
at org.apache.maven.surefire.booter.ForkedBooter.runSuitesInProcess(ForkedBooter.java:345)
at org.apache.maven.surefire.booter.ForkedBooter.execute(ForkedBooter.java:126)
at org.apache.maven.surefire.booter.ForkedBooter.main(ForkedBooter.java:418)
]]>
            </full-stacktrace>
          </exception> <!-- java.lang.AssertionError -->
          <reporter-output>
          </reporter-output>
        </test-method> <!-- checkPageTitleOfTrendingLinks -->
        <test-method status="PASS" signature="cleanUp()[pri:0, instance:testhomepage.testmenubar.TestTrending@531be3c5]" name="cleanUp" is-config="true" duration-ms="127" started-at="2019-03-24T07:39:40Z" finished-at="2019-03-24T07:39:41Z">
          <reporter-output>
          </reporter-output>
        </test-method> <!-- cleanUp -->
        <test-method status="PASS" signature="setUp(boolean, java.lang.String, java.lang.String, java.lang.String, java.lang.String, java.lang.String, java.lang.String)[pri:0, instance:testhomepage.testmenubar.TestTrending@531be3c5]" name="setUp" is-config="true" duration-ms="5346" started-at="2019-03-24T07:39:41Z" finished-at="2019-03-24T07:39:46Z">
          <params>
            <param index="0">
              <value>
                <![CDATA[false]]>
              </value>
            </param>
            <param index="1">
              <value>
                <![CDATA[browserstack]]>
              </value>
            </param>
            <param index="2">
              <value>
                <![CDATA[OS X]]>
              </value>
            </param>
            <param index="3">
              <value>
                <![CDATA[Sierra]]>
              </value>
            </param>
            <param index="4">
              <value>
                <![CDATA[chrome]]>
              </value>
            </param>
            <param index="5">
              <value>
                <![CDATA[30.0]]>
              </value>
            </param>
            <param index="6">
              <value>
                <![CDATA[https://www.aljazeera.com/]]>
              </value>
            </param>
          </params>
          <reporter-output>
          </reporter-output>
        </test-method> <!-- setUp -->
        <test-method status="PASS" signature="init()[pri:0, instance:testhomepage.testmenubar.TestTrending@531be3c5]" name="init" is-config="true" duration-ms="1" started-at="2019-03-24T07:39:46Z" finished-at="2019-03-24T07:39:46Z">
          <reporter-output>
          </reporter-output>
        </test-method> <!-- init -->
        <test-method status="PASS" signature="testShowMoreButton()[pri:0, instance:testhomepage.testmenubar.TestTrending@531be3c5]" name="testShowMoreButton" duration-ms="96435" started-at="2019-03-24T07:39:46Z" description="Test #35-39" finished-at="2019-03-24T07:41:22Z">
          <reporter-output>
          </reporter-output>
        </test-method> <!-- testShowMoreButton -->
        <test-method status="PASS" signature="cleanUp()[pri:0, instance:testhomepage.testmenubar.TestTrending@531be3c5]" name="cleanUp" is-config="true" duration-ms="196" started-at="2019-03-24T07:41:22Z" finished-at="2019-03-24T07:41:23Z">
          <reporter-output>
          </reporter-output>
        </test-method> <!-- cleanUp -->
        <test-method status="PASS" signature="setUp(boolean, java.lang.String, java.lang.String, java.lang.String, java.lang.String, java.lang.String, java.lang.String)[pri:0, instance:testhomepage.testmenubar.TestTrending@531be3c5]" name="setUp" is-config="true" duration-ms="4361" started-at="2019-03-24T07:41:23Z" finished-at="2019-03-24T07:41:27Z">
          <params>
            <param index="0">
              <value>
                <![CDATA[false]]>
              </value>
            </param>
            <param index="1">
              <value>
                <![CDATA[browserstack]]>
              </value>
            </param>
            <param index="2">
              <value>
                <![CDATA[OS X]]>
              </value>
            </param>
            <param index="3">
              <value>
                <![CDATA[Sierra]]>
              </value>
            </param>
            <param index="4">
              <value>
                <![CDATA[chrome]]>
              </value>
            </param>
            <param index="5">
              <value>
                <![CDATA[30.0]]>
              </value>
            </param>
            <param index="6">
              <value>
                <![CDATA[https://www.aljazeera.com/]]>
              </value>
            </param>
          </params>
          <reporter-output>
          </reporter-output>
        </test-method> <!-- setUp -->
        <test-method status="PASS" signature="testTrendingPageArticleTitle()[pri:0, instance:testhomepage.testmenubar.TestTrending@531be3c5]" name="testTrendingPageArticleTitle" duration-ms="71836" started-at="2019-03-24T07:41:27Z" description="Test #25-29" finished-at="2019-03-24T07:42:39Z">
          <reporter-output>
          </reporter-output>
        </test-method> <!-- testTrendingPageArticleTitle -->
        <test-method status="PASS" signature="init()[pri:0, instance:testhomepage.testmenubar.TestTrending@531be3c5]" name="init" is-config="true" duration-ms="0" started-at="2019-03-24T07:41:27Z" finished-at="2019-03-24T07:41:27Z">
          <reporter-output>
          </reporter-output>
        </test-method> <!-- init -->
        <test-method status="PASS" signature="cleanUp()[pri:0, instance:testhomepage.testmenubar.TestTrending@531be3c5]" name="cleanUp" is-config="true" duration-ms="121" started-at="2019-03-24T07:42:39Z" finished-at="2019-03-24T07:42:39Z">
          <reporter-output>
          </reporter-output>
        </test-method> <!-- cleanUp -->
      </class> <!-- testhomepage.testmenubar.TestTrending -->
    </test> <!-- Al Jazeera Home -->
  </suite> <!-- Al Jazeera Automation Script -->
</testng-results>
