<?xml version="1.0" encoding="UTF-8"?>
<testng-results skipped="0" failed="0" ignored="0" total="1" passed="1">
  <reporter-output>
  </reporter-output>
  <suite name="Wells Fargo Automation Script " duration-ms="9618" started-at="2019-03-25T04:36:34Z" finished-at="2019-03-25T04:36:44Z">
    <groups>
    </groups>
    <test name="WellsFargo Home" duration-ms="9618" started-at="2019-03-25T04:36:34Z" finished-at="2019-03-25T04:36:44Z">
      <class name="testpageswellsfargo.TestWFHomePage">
        <test-method status="PASS" signature="setUp(boolean, java.lang.String, java.lang.String, java.lang.String, java.lang.String, java.lang.String, java.lang.String)[pri:0, instance:testpageswellsfargo.TestWFHomePage@6537cf78]" name="setUp" is-config="true" duration-ms="5128" started-at="2019-03-25T04:36:34Z" finished-at="2019-03-25T04:36:39Z">
          <params>
            <param index="0">
              <value>
                <![CDATA[false]]>
              </value>
            </param>
            <param index="1">
              <value>
                <![CDATA[browserstack]]>
              </value>
            </param>
            <param index="2">
              <value>
                <![CDATA[OS X]]>
              </value>
            </param>
            <param index="3">
              <value>
                <![CDATA[Sierra]]>
              </value>
            </param>
            <param index="4">
              <value>
                <![CDATA[chrome]]>
              </value>
            </param>
            <param index="5">
              <value>
                <![CDATA[30.0]]>
              </value>
            </param>
            <param index="6">
              <value>
                <![CDATA[https://www.wellsfargo.com/]]>
              </value>
            </param>
          </params>
          <reporter-output>
          </reporter-output>
        </test-method> <!-- setUp -->
        <test-method status="PASS" signature="initialize()[pri:0, instance:testpageswellsfargo.TestWFHomePage@6537cf78]" name="initialize" is-config="true" duration-ms="22" started-at="2019-03-25T04:36:39Z" finished-at="2019-03-25T04:36:39Z">
          <reporter-output>
          </reporter-output>
        </test-method> <!-- initialize -->
        <test-method status="PASS" signature="testSteps()[pri:0, instance:testpageswellsfargo.TestWFHomePage@6537cf78]" name="testSteps" duration-ms="4353" started-at="2019-03-25T04:36:39Z" finished-at="2019-03-25T04:36:44Z">
          <reporter-output>
          </reporter-output>
        </test-method> <!-- testSteps -->
        <test-method status="PASS" signature="cleanUp()[pri:0, instance:testpageswellsfargo.TestWFHomePage@6537cf78]" name="cleanUp" is-config="true" duration-ms="100" started-at="2019-03-25T04:36:44Z" finished-at="2019-03-25T04:36:44Z">
          <reporter-output>
          </reporter-output>
        </test-method> <!-- cleanUp -->
      </class> <!-- testpageswellsfargo.TestWFHomePage -->
    </test> <!-- WellsFargo Home -->
  </suite> <!-- Wells Fargo Automation Script  -->
</testng-results>
