<?xml version="1.0" encoding="UTF-8"?>
<!-- Generated by org.testng.reporters.JUnitXMLReporter -->
<testsuite hostname="Anikas-MBP" ignored="0" name="Al Jazeera Home" tests="12" failures="2" timestamp="24 Mar 2019 07:43:32 GMT" time="451.398" errors="0">
  <testcase name="checkMenuLinksWithDropdowns" time="14.452" classname="testhomepage.testmenubar.TestMenuLinks"/>
  <testcase name="clickAllMenuLinks" time="21.084" classname="testhomepage.testmenubar.TestMenuLinks"/>
  <testcase name="clickAndCheckTitleOfMenuLinks" time="8.503" classname="testhomepage.testmenubar.TestMenuLinks">
    <failure type="java.lang.AssertionError" message="expected [Breaking News, World News and Video from Al Jazeera] but found [Investigations - Al Jazeera English]">
      <![CDATA[java.lang.AssertionError: expected [Breaking News, World News and Video from Al Jazeera] but found [Investigations - Al Jazeera English]
at testhomepage.testmenubar.TestMenuLinks.clickAndCheckTitleOfMenuLinks(TestMenuLinks.java:53)
... Removed 35 stack frames]]>
    </failure>
  </testcase> <!-- clickAndCheckTitleOfMenuLinks -->
  <testcase name="testHomeTitle" time="0.063" classname="testhomepage.testmenubar.TestMenuLinks"/>
  <testcase name="testClickOnSearchButton" time="0.112" classname="testhomepage.testmenubar.TestSearchBar"/>
  <testcase name="testSearch" time="4.45" classname="testhomepage.testmenubar.TestSearchBar"/>
  <testcase name="testSearchAndEnter" time="34.341" classname="testhomepage.testmenubar.TestSearchBar"/>
  <testcase name="checkPageTitleOfTrendingLinks" time="76.277" classname="testhomepage.testmenubar.TestTrending">
    <failure type="java.lang.AssertionError" message="expected [Brazil News - Top stories from Al Jazeera] but found [Mozambique News - Top stories from Al Jazeera]">
      <![CDATA[java.lang.AssertionError: expected [Brazil News - Top stories from Al Jazeera] but found [Mozambique News - Top stories from Al Jazeera]
at testhomepage.testmenubar.TestTrending.checkPageTitleOfTrendingLinks(TestTrending.java:49)
... Removed 35 stack frames]]>
    </failure>
  </testcase> <!-- checkPageTitleOfTrendingLinks -->
  <testcase name="testShowMoreButton" time="96.435" classname="testhomepage.testmenubar.TestTrending"/>
  <testcase name="testTrendingPageArticleTitle" time="71.836" classname="testhomepage.testmenubar.TestTrending"/>
  <testcase name="checkEachDropdownLink" time="42.691" classname="testhomepage.testmenubar.testdropdowns.TestNews"/>
  <testcase name="checkIfDropdownIsVisible" time="1.456" classname="testhomepage.testmenubar.testdropdowns.TestNews"/>
</testsuite> <!-- Al Jazeera Home -->
